 
New Session Exe Start C:\Program Files\Streaming\maxbox4\Import\tutor110\192_opearatingsystem2.txt
>>>> Start Exe: maXbox4.exe v4.7.6.20                       2023-04-02 16:10:27 
>>>> Start [RAM  monitor] : Total=2147483647, Avail=2147483647, Load=46% ; [Disk monitor] : Available to user=206342221824, Total on disk=510913409024, Free total on disk=206342221824 ; 2023-04-02 16:10:27 
 
>>>> Start Script: C:\Program Files\Streaming\maxbox4\Import\tutor110\192_opearatingsystem2.txt  2023-04-02 16:12:05 
           From Host: maXbox4.exe of C:\Program Files\Streaming\maxbox4\Import\tutor110\
C:\Program Files\Streaming\maxbox4\Import\tutor110\192_opearatingsystem2.txt failed
>>>> Fail maXbox4.exe                                       2023-04-02 16:12:06 
 
>>>> Start Script: C:\Program Files\Streaming\maxbox4\Import\tutor110\192_opearatingsystem2.txt  2023-04-02 16:12:23 
           From Host: maXbox4.exe of C:\Program Files\Streaming\maxbox4\Import\tutor110\
>>>> Stop Script: 192_opearatingsystem2.txt                 2023-04-02 16:12:25 
[RAM  monitor] : (2147483647, 2147483647, 46%) CompileRun Success! RT: 0:0:1.653
 
>>>> Start Script: C:\Program Files\Streaming\maxbox4\Import\tutor110\195_SQL_DBExpress2.txt  2023-04-02 16:15:15 
           From Host: maXbox4.exe of C:\Program Files\Streaming\maxbox4\Import\tutor110\
>>>> Stop Script: 195_SQL_DBExpress2.txt                    2023-04-02 16:15:29 
[RAM  monitor] : (2147483647, 2147483647, 46%) CompileRun Success! RT: 16:15:15.535
 
>>>> Start Script: C:\Program Files\Streaming\maxbox4\Import\tutor110\212_statisticmodule4.txt  2023-04-02 16:18:02 
           From Host: maXbox4.exe of C:\Program Files\Streaming\maxbox4\Import\tutor110\
>>>> Stop Script: 212_statisticmodule4.txt                  2023-04-02 16:19:38 
[RAM  monitor] : (2147483647, 2147483647, 46%) CompileRun Success! RT: 0:1:36.404
 
>>>> Start Script: C:\Program Files\Streaming\maxbox4\Import\tutor110\650_dice.txt  2023-04-02 16:27:11 
           From Host: maXbox4.exe of C:\Program Files\Streaming\maxbox4\Import\tutor110\
C:\Program Files\Streaming\maxbox4\Import\tutor110\650_dice.txt failed
>>>> Fail maXbox4.exe                                       2023-04-02 16:27:12 
 
>>>> Start Script: C:\Program Files\Streaming\maxbox4\Import\tutor110\650_dice.txt  2023-04-02 16:27:38 
           From Host: maXbox4.exe of C:\Program Files\Streaming\maxbox4\Import\tutor110\
>>>> Stop Script: 650_dice.txt                              2023-04-02 16:27:39 
[RAM  monitor] : (2147483647, 2147483647, 45%) CompileRun Success! RT: 0:0:0.983
 
>>>> Start Script: C:\Program Files\Streaming\maxbox4\Import\tutor110\650_dice.txt  2023-04-02 16:28:00 
           From Host: maXbox4.exe of C:\Program Files\Streaming\maxbox4\Import\tutor110\
>>>> Stop Script: 650_dice.txt                              2023-04-02 16:28:01 
[RAM  monitor] : (2147483647, 2147483647, 45%) CompileRun Success! RT: 0:0:0.970
 
>>>> Start Script: C:\Program Files\Streaming\maxbox4\Import\tutor110\245_formapp2.txt  2023-04-02 16:31:27 
           From Host: maXbox4.exe of C:\Program Files\Streaming\maxbox4\Import\tutor110\
C:\Program Files\Streaming\maxbox4\Import\tutor110\245_formapp2.txt failed
>>>> Fail maXbox4.exe                                       2023-04-02 16:31:28 
 
>>>> Start Script: C:\Program Files\Streaming\maxbox4\Import\tutor110\245_formapp2.txt  2023-04-02 16:31:40 
           From Host: maXbox4.exe of C:\Program Files\Streaming\maxbox4\Import\tutor110\
C:\Program Files\Streaming\maxbox4\Import\tutor110\245_formapp2.txt failed
>>>> Fail maXbox4.exe                                       2023-04-02 16:31:41 
 
>>>> Start Script: C:\Program Files\Streaming\maxbox4\Import\tutor110\245_formapp2.txt  2023-04-02 16:31:52 
           From Host: maXbox4.exe of C:\Program Files\Streaming\maxbox4\Import\tutor110\
>>>> Stop Script: 245_formapp2.txt                          2023-04-02 16:31:53 
[RAM  monitor] : (2147483647, 2147483647, 46%) CompileRun Success! RT: 16:31:52.100
 
>>>> Start Script: C:\Program Files\Streaming\maxbox4\Import\tutor110\241_db3_sql_tutorial2.txt  2023-04-02 16:34:48 
           From Host: maXbox4.exe of C:\Program Files\Streaming\maxbox4\Import\tutor110\
>>>> Stop Script: 241_db3_sql_tutorial2.txt                 2023-04-02 16:34:50 
[RAM  monitor] : (2147483647, 2147483647, 46%) CompileRun Success! RT: 0:0:2.48
 
>>>> Start Script: C:\Program Files\Streaming\maxbox4\Import\tutor110\241_db3_sql_tutorial2.txt  2023-04-02 16:35:30 
           From Host: maXbox4.exe of C:\Program Files\Streaming\maxbox4\Import\tutor110\
>>>> Stop Script: 241_db3_sql_tutorial2.txt                 2023-04-02 16:35:31 
[RAM  monitor] : (2147483647, 2147483647, 46%) CompileRun Success! RT: 0:0:1.595
 
>>>> Start Script: C:\Program Files\Streaming\maxbox4\Import\tutor110\258_AES_cryptobox2.txt  2023-04-02 16:37:48 
           From Host: maXbox4.exe of C:\Program Files\Streaming\maxbox4\Import\tutor110\
>>>> Stop Script: 258_AES_cryptobox2.txt                    2023-04-02 16:37:50 
[RAM  monitor] : (2147483647, 2147483647, 46%) CompileRun Success! RT: 0:0:1.208
 
>>>> Start Script: C:\Program Files\Streaming\maxbox4\Import\tutor110\263_async_sound.txt  2023-04-02 16:40:24 
           From Host: maXbox4.exe of C:\Program Files\Streaming\maxbox4\Import\tutor110\
>>>> Stop Script: 263_async_sound.txt                       2023-04-02 16:40:36 
[RAM  monitor] : (2147483647, 2147483647, 46%) CompileRun Success! RT: 0:0:12.805
 
>>>> Start Script: C:\Program Files\Streaming\maxbox4\Import\tutor110\263_async_sound.txt  2023-04-02 16:41:24 
           From Host: maXbox4.exe of C:\Program Files\Streaming\maxbox4\Import\tutor110\
>>>> Stop Script: 263_async_sound.txt                       2023-04-02 16:41:36 
[RAM  monitor] : (2147483647, 2147483647, 46%) CompileRun Success! RT: 0:0:12.195
 
>>>> Start Script: C:\Program Files\Streaming\maxbox4\Import\tutor110\263_async_sound.txt  2023-04-02 16:47:02 
           From Host: maXbox4.exe of C:\Program Files\Streaming\maxbox4\Import\tutor110\
>>>> Stop Script: 263_async_sound.txt                       2023-04-02 16:47:12 
[RAM  monitor] : (2147483647, 2147483647, 46%) CompileRun Success! RT: 0:0:9.626
 
>>>> Start Script: C:\Program Files\Streaming\maxbox4\Import\tutor110\263_async_sound.txt  2023-04-02 16:48:58 
           From Host: maXbox4.exe of C:\Program Files\Streaming\maxbox4\Import\tutor110\
>>>> Stop Script: 263_async_sound.txt                       2023-04-02 16:49:08 
[RAM  monitor] : (2147483647, 2147483647, 47%) CompileRun Success! RT: 0:0:9.561
 
>>>> Start Script: C:\Program Files\Streaming\maxbox4\Import\tutor110\263_async_sound.txt  2023-04-02 16:52:05 
           From Host: maXbox4.exe of C:\Program Files\Streaming\maxbox4\Import\tutor110\
>>>> Stop Script: 263_async_sound.txt                       2023-04-02 16:52:14 
[RAM  monitor] : (2147483647, 2147483647, 47%) CompileRun Success! RT: 0:0:9.73
 
>>>> Start Script: C:\Program Files\Streaming\maxbox4\Import\tutor110\263_async_sound.txt  2023-04-02 16:54:02 
           From Host: maXbox4.exe of C:\Program Files\Streaming\maxbox4\Import\tutor110\
>>>> Stop Script: 263_async_sound.txt                       2023-04-02 16:54:15 
[RAM  monitor] : (2147483647, 2147483647, 47%) CompileRun Success! RT: 0:0:13.23
 
>>>> Start Script: C:\Program Files\Streaming\maxbox4\Import\tutor110\287_eventhandling2.txt  2023-04-02 16:59:26 
           From Host: maXbox4.exe of C:\Program Files\Streaming\maxbox4\Import\tutor110\
C:\Program Files\Streaming\maxbox4\Import\tutor110\287_eventhandling2.txt failed
>>>> Fail maXbox4.exe                                       2023-04-02 16:59:27 
 
>>>> Start Script: C:\Program Files\Streaming\maxbox4\Import\tutor110\287_eventhandling2.txt  2023-04-02 16:59:33 
           From Host: maXbox4.exe of C:\Program Files\Streaming\maxbox4\Import\tutor110\
C:\Program Files\Streaming\maxbox4\Import\tutor110\287_eventhandling2.txt failed
>>>> Fail maXbox4.exe                                       2023-04-02 16:59:34 
 
>>>> Start Script: C:\Program Files\Streaming\maxbox4\Import\tutor110\287_eventhandling2.txt  2023-04-02 16:59:40 
           From Host: maXbox4.exe of C:\Program Files\Streaming\maxbox4\Import\tutor110\
C:\Program Files\Streaming\maxbox4\Import\tutor110\287_eventhandling2.txt failed
>>>> Fail maXbox4.exe                                       2023-04-02 16:59:40 
 
>>>> Start Script: C:\Program Files\Streaming\maxbox4\Import\tutor110\287_eventhandling2.txt  2023-04-02 16:59:45 
           From Host: maXbox4.exe of C:\Program Files\Streaming\maxbox4\Import\tutor110\
C:\Program Files\Streaming\maxbox4\Import\tutor110\287_eventhandling2.txt failed
>>>> Fail maXbox4.exe                                       2023-04-02 16:59:46 
 
>>>> Start Script: C:\Program Files\Streaming\maxbox4\Import\tutor110\287_eventhandling2.txt  2023-04-02 16:59:48 
           From Host: maXbox4.exe of C:\Program Files\Streaming\maxbox4\Import\tutor110\
C:\Program Files\Streaming\maxbox4\Import\tutor110\287_eventhandling2.txt failed
>>>> Fail maXbox4.exe                                       2023-04-02 16:59:49 
 
>>>> Start Script: C:\Program Files\Streaming\maxbox4\Import\tutor110\287_eventhandling2.txt  2023-04-02 16:59:55 
           From Host: maXbox4.exe of C:\Program Files\Streaming\maxbox4\Import\tutor110\
C:\Program Files\Streaming\maxbox4\Import\tutor110\287_eventhandling2.txt failed
>>>> Fail maXbox4.exe                                       2023-04-02 16:59:56 
 
>>>> Start Script: C:\Program Files\Streaming\maxbox4\Import\tutor110\287_eventhandling2.txt  2023-04-02 17:00:02 
           From Host: maXbox4.exe of C:\Program Files\Streaming\maxbox4\Import\tutor110\
>>>> Stop Script: 287_eventhandling2.txt                    2023-04-02 17:00:04 
[RAM  monitor] : (2147483647, 2147483647, 46%) CompileRun Success! RT: 17:0:2.819
 
>>>> Start Script: C:\Program Files\Streaming\maxbox4\Import\tutor110\287_eventhandling2.txt  2023-04-02 17:00:42 
           From Host: maXbox4.exe of C:\Program Files\Streaming\maxbox4\Import\tutor110\
>>>> Stop Script: 287_eventhandling2.txt                    2023-04-02 17:00:43 
[RAM  monitor] : (2147483647, 2147483647, 47%) CompileRun Success! RT: 17:0:42.190
 
>>>> Start Script: C:\Program Files\Streaming\maxbox4\Import\tutor110\303_webserver_alldocs2.txt  2023-04-02 17:03:08 
           From Host: maXbox4.exe of C:\Program Files\Streaming\maxbox4\Import\tutor110\
>>>> Stop Script: 303_webserver_alldocs2.txt                2023-04-02 17:03:19 
[RAM  monitor] : (2147483647, 2147483647, 47%) CompileRun Success! RT: 0:0:10.906
 
>>>> Start Script: C:\Program Files\Streaming\maxbox4\Import\tutor110\303_webserver_alldocs2.txt  2023-04-02 17:03:28 
           From Host: maXbox4.exe of C:\Program Files\Streaming\maxbox4\Import\tutor110\
>>>> Stop Script: 303_webserver_alldocs2.txt                2023-04-02 17:03:45 
[RAM  monitor] : (2147483647, 2147483647, 47%) CompileRun Success! RT: 0:0:16.957
 
>>>> Start Script: C:\Program Files\Streaming\maxbox4\Import\tutor110\305_webserver_arduino3.txt  2023-04-02 17:06:59 
           From Host: maXbox4.exe of C:\Program Files\Streaming\maxbox4\Import\tutor110\
>>>> Stop Script: 305_webserver_arduino3.txt                2023-04-02 17:07:00 
[RAM  monitor] : (2147483647, 2147483647, 47%) CompileRun Success! RT: 17:6:59.370
 
>>>> Start Script: C:\Program Files\Streaming\maxbox4\Import\tutor110\305_webserver_arduino3.txt  2023-04-02 17:09:52 
           From Host: maXbox4.exe of C:\Program Files\Streaming\maxbox4\Import\tutor110\
>>>> Stop Script: 305_webserver_arduino3.txt                2023-04-02 17:09:53 
[RAM  monitor] : (2147483647, 2147483647, 47%) CompileRun Success! RT: 0:0:1.245
 
>>>> Start Script: C:\Program Files\Streaming\maxbox4\Import\tutor110\305_webserver_arduino3.txt  2023-04-02 17:13:56 
           From Host: maXbox4.exe of C:\Program Files\Streaming\maxbox4\Import\tutor110\
>>>> Stop Script: 305_webserver_arduino3.txt                2023-04-02 17:13:57 
[RAM  monitor] : (2147483647, 2147483647, 47%) CompileRun Success! RT: 0:0:1.240
 
>>>> Start Script: C:\Program Files\Streaming\maxbox4\Import\tutor110\305_webserver_arduino3ibz_rgb_led.txt  2023-04-02 17:15:39 
           From Host: maXbox4.exe of C:\Program Files\Streaming\maxbox4\Import\tutor110\
>>>> Stop Script: 305_webserver_arduino3ibz_rgb_led.txt     2023-04-02 17:15:40 
[RAM  monitor] : (2147483647, 2147483647, 47%) CompileRun Success! RT: 0:0:1.216
 
>>>> Start Script: C:\Program Files\Streaming\maxbox4\Import\tutor110\318_excel_export3.txt  2023-04-02 17:23:58 
           From Host: maXbox4.exe of C:\Program Files\Streaming\maxbox4\Import\tutor110\
>>>> Stop Script: 318_excel_export3.txt                     2023-04-02 17:24:02 
[RAM  monitor] : (2147483647, 2147483647, 47%) CompileRun Success! RT: 17:23:58.800
 
>>>> Start Script: C:\Program Files\Streaming\maxbox4\Import\tutor110\309_regex_powertester4.txt  2023-04-02 17:26:53 
           From Host: maXbox4.exe of C:\Program Files\Streaming\maxbox4\Import\tutor110\
>>>> Stop Script: 309_regex_powertester4.txt                2023-04-02 17:26:54 
[RAM  monitor] : (2147483647, 2147483647, 47%) CompileRun Success! RT: 17:26:53.565
 
>>>> Start Script: C:\Program Files\Streaming\maxbox4\Import\tutor110\309_regex_powertester4.txt  2023-04-02 17:27:08 
           From Host: maXbox4.exe of C:\Program Files\Streaming\maxbox4\Import\tutor110\
>>>> Stop Script: 309_regex_powertester4.txt                2023-04-02 17:27:09 
[RAM  monitor] : (2147483647, 2147483647, 47%) CompileRun Success! RT: 17:27:8.304
 
>>>> Start Script: C:\Program Files\Streaming\maxbox4\Import\tutor110\309_regex_powertester4.txt  2023-04-02 17:27:33 
           From Host: maXbox4.exe of C:\Program Files\Streaming\maxbox4\Import\tutor110\
>>>> Stop Script: 309_regex_powertester4.txt                2023-04-02 17:27:41 
[RAM  monitor] : (2147483647, 2147483647, 47%) CompileRun Success! RT: 0:0:8.480
 
>>>> Start Script: C:\Program Files\Streaming\maxbox4\Import\tutor110\309_regex_powertester4.txt  2023-04-02 17:27:54 
           From Host: maXbox4.exe of C:\Program Files\Streaming\maxbox4\Import\tutor110\
>>>> Stop Script: 309_regex_powertester4.txt                2023-04-02 17:27:58 
[RAM  monitor] : (2147483647, 2147483647, 47%) CompileRun Success! RT: 0:0:3.791
 
>>>> Start Script: C:\Program Files\Streaming\maxbox4\Import\tutor110\363_compress_services2.txt  2023-04-02 17:34:53 
           From Host: maXbox4.exe of C:\Program Files\Streaming\maxbox4\Import\tutor110\
>>>> Stop Script: 363_compress_services2.txt                2023-04-02 17:34:54 
[RAM  monitor] : (2147483647, 2147483647, 48%) CompileRun Success! RT: 17:34:53.312
 
>>>> Start Script: C:\Program Files\Streaming\maxbox4\Import\tutor110\363_compress_services2.txt  2023-04-02 17:35:29 
           From Host: maXbox4.exe of C:\Program Files\Streaming\maxbox4\Import\tutor110\
>>>> Stop Script: 363_compress_services2.txt                2023-04-02 17:35:30 
[RAM  monitor] : (2147483647, 2147483647, 48%) CompileRun Success! RT: 17:35:29.746
 
>>>> Start Script: C:\Program Files\Streaming\maxbox4\Import\tutor110\363_compress_services2.txt  2023-04-02 17:36:30 
           From Host: maXbox4.exe of C:\Program Files\Streaming\maxbox4\Import\tutor110\
>>>> Stop Script: 363_compress_services2.txt                2023-04-02 17:36:30 
[RAM  monitor] : (2147483647, 2147483647, 48%) CompileRun Success! RT: 0:0:0.963
 
>>>> Start Script: C:\Program Files\Streaming\maxbox4\Import\tutor110\363_compress_services2.txt  2023-04-02 17:36:38 
           From Host: maXbox4.exe of C:\Program Files\Streaming\maxbox4\Import\tutor110\
>>>> Stop Script: 363_compress_services2.txt                2023-04-02 17:36:39 
[RAM  monitor] : (2147483647, 2147483647, 48%) CompileRun Success! RT: 0:0:0.961
 
>>>> Start Script: C:\Program Files\Streaming\maxbox4\Import\tutor110\363_compress_services2.txt  2023-04-02 17:37:36 
           From Host: maXbox4.exe of C:\Program Files\Streaming\maxbox4\Import\tutor110\
>>>> Stop Script: 363_compress_services2.txt                2023-04-02 17:37:37 
[RAM  monitor] : (2147483647, 2147483647, 48%) CompileRun Success! RT: 0:0:0.979
 
>>>> Start Script: C:\Program Files\Streaming\maxbox4\Import\tutor110\374_realtime_random2.txt  2023-04-02 18:05:06 
           From Host: maXbox4.exe of C:\Program Files\Streaming\maxbox4\Import\tutor110\
>>>> Stop Script: 374_realtime_random2.txt                  2023-04-02 18:05:43 
[RAM  monitor] : (2147483647, 2147483647, 48%) CompileRun Success! RT: 0:0:36.856
 
>>>> Start Script: C:\Program Files\Streaming\maxbox4\Import\tutor110\421_PI_Power2.TXT  2023-04-02 18:08:11 
           From Host: maXbox4.exe of C:\Program Files\Streaming\maxbox4\Import\tutor110\
>>>> Stop Script: 421_PI_Power2.TXT                         2023-04-02 18:08:20 
[RAM  monitor] : (2147483647, 2147483647, 48%) CompileRun Success! RT: 0:0:9.209
 
>>>> Start Script: C:\Program Files\Streaming\maxbox4\Import\tutor110\421_PI_Power2.TXT  2023-04-02 18:10:14 
           From Host: maXbox4.exe of C:\Program Files\Streaming\maxbox4\Import\tutor110\
>>>> Stop Script: 421_PI_Power2.TXT                         2023-04-02 18:10:23 
[RAM  monitor] : (2147483647, 2147483647, 48%) CompileRun Success! RT: 0:0:8.859
 
>>>> Start Script: C:\Program Files\Streaming\maxbox4\Import\tutor110\421_PI_Power2.TXT  2023-04-02 18:10:25 
           From Host: maXbox4.exe of C:\Program Files\Streaming\maxbox4\Import\tutor110\
>>>> Stop Script: 421_PI_Power2.TXT                         2023-04-02 18:10:33 
[RAM  monitor] : (2147483647, 2147483647, 48%) CompileRun Success! RT: 0:0:8.668
 
>>>> Start Script: C:\Program Files\Streaming\maxbox4\Import\tutor110\369_macro_demo.txt  2023-04-02 18:14:04 
           From Host: maXbox4.exe of C:\Program Files\Streaming\maxbox4\Import\tutor110\
>>>> Stop Script: 369_macro_demo.txt                        2023-04-02 18:14:10 
[RAM  monitor] : (2147483647, 2147483647, 49%) CompileRun Success! RT: 0:0:6.229
 
>>>> Start Script: C:\Program Files\Streaming\maxbox4\Import\tutor110\369_macro_demo.txt  2023-04-02 18:14:14 
           From Host: maXbox4.exe of C:\Program Files\Streaming\maxbox4\Import\tutor110\
>>>> Stop Script: 369_macro_demo.txt                        2023-04-02 18:14:17 
[RAM  monitor] : (2147483647, 2147483647, 49%) CompileRun Success! RT: 0:0:2.576
 
>>>> Start Script: C:\Program Files\Streaming\maxbox4\Import\tutor110\369_macro_demo.txt  2023-04-02 18:14:21 
           From Host: maXbox4.exe of C:\Program Files\Streaming\maxbox4\Import\tutor110\
>>>> Stop Script: 369_macro_demo.txt                        2023-04-02 18:14:38 
[RAM  monitor] : (2147483647, 2147483647, 49%) CompileRun Success! RT: 0:0:16.356
 
>>>> Start Script: C:\Program Files\Streaming\maxbox4\Import\tutor110\369_macro_demo.txt  2023-04-02 18:15:38 
           From Host: maXbox4.exe of C:\Program Files\Streaming\maxbox4\Import\tutor110\
>>>> Stop Script: 369_macro_demo.txt                        2023-04-02 18:15:53 
[RAM  monitor] : (2147483647, 2147483647, 49%) CompileRun Success! RT: 0:0:15.670
 
>>>> Start Script: C:\Program Files\Streaming\maxbox4\Import\tutor110\369_macro_demo.txt  2023-04-02 18:16:02 
           From Host: maXbox4.exe of C:\Program Files\Streaming\maxbox4\Import\tutor110\
>>>> Stop Script: 369_macro_demo.txt                        2023-04-02 18:16:23 
[RAM  monitor] : (2147483647, 2147483647, 49%) CompileRun Success! RT: 0:0:20.943
 
>>>> Start Script: C:\Program Files\Streaming\maxbox4\Import\tutor110\369_macro_demo.txt  2023-04-02 18:16:51 
           From Host: maXbox4.exe of C:\Program Files\Streaming\maxbox4\Import\tutor110\
>>>> Stop Script: 369_macro_demo.txt                        2023-04-02 18:17:13 
[RAM  monitor] : (2147483647, 2147483647, 48%) CompileRun Success! RT: 0:0:22.270
 
>>>> Start Script: C:\Program Files\Streaming\maxbox4\Import\tutor110\369_macro_demo.txt  2023-04-02 18:18:11 
           From Host: maXbox4.exe of C:\Program Files\Streaming\maxbox4\Import\tutor110\
>>>> Stop Script: 369_macro_demo.txt                        2023-04-02 18:18:13 
[RAM  monitor] : (2147483647, 2147483647, 49%) CompileRun Success! RT: 0:0:2.319
 
>>>> Start Script: C:\Program Files\Streaming\maxbox4\Import\tutor110\440_XML_Tutor2.txt  2023-04-02 18:24:18 
           From Host: maXbox4.exe of C:\Program Files\Streaming\maxbox4\Import\tutor110\
>>>> Stop Script: 440_XML_Tutor2.txt                        2023-04-02 18:24:19 
[RAM  monitor] : (2147483647, 2147483647, 49%) CompileRun Success! RT: 0:0:1.201
 
>>>> Start Script: C:\Program Files\Streaming\maxbox4\Import\tutor110\440_XML_Tutor2.txt  2023-04-02 18:24:37 
           From Host: maXbox4.exe of C:\Program Files\Streaming\maxbox4\Import\tutor110\
>>>> Stop Script: 440_XML_Tutor2.txt                        2023-04-02 18:24:38 
[RAM  monitor] : (2147483647, 2147483647, 49%) CompileRun Success! RT: 0:0:1.163
 
>>>> Start Script: C:\Program Files\Streaming\maxbox4\Import\tutor110\440_DLL_Tutor2.txt  2023-04-02 18:56:30 
           From Host: maXbox4.exe of C:\Program Files\Streaming\maxbox4\Import\tutor110\
>>>> Stop Script: 440_DLL_Tutor2.txt                        2023-04-02 18:56:30 
[RAM  monitor] : (2147483647, 2147483647, 49%) CompileRun Success! RT: 0:0:0.980
 
>>>> Start Script: C:\Program Files\Streaming\maxbox4\Import\tutor110\440_DLL_Tutor2.txt  2023-04-02 18:57:13 
           From Host: maXbox4.exe of C:\Program Files\Streaming\maxbox4\Import\tutor110\
>>>> Stop Script: 440_DLL_Tutor2.txt                        2023-04-02 18:57:14 
[RAM  monitor] : (2147483647, 2147483647, 48%) CompileRun Success! RT: 0:0:0.955
 
>>>> Start Script: C:\Program Files\Streaming\maxbox4\Import\tutor110\461_sqlform_calwin.txt  2023-04-02 19:03:51 
           From Host: maXbox4.exe of C:\Program Files\Streaming\maxbox4\Import\tutor110\
>>>> Stop Script: 461_sqlform_calwin.txt                    2023-04-02 19:03:52 
[RAM  monitor] : (2147483647, 2147483647, 49%) CompileRun Success! RT: 19:3:51.563
 
>>>> Start Script: C:\Program Files\Streaming\maxbox4\Import\tutor110\461_sqlform_calwin.txt  2023-04-02 19:06:48 
           From Host: maXbox4.exe of C:\Program Files\Streaming\maxbox4\Import\tutor110\
C:\Program Files\Streaming\maxbox4\Import\tutor110\461_sqlform_calwin.txt failed
>>>> Fail maXbox4.exe                                       2023-04-02 19:06:49 
 
>>>> Start Script: C:\Program Files\Streaming\maxbox4\Import\tutor110\461_sqlform_calwin.txt  2023-04-02 19:07:04 
           From Host: maXbox4.exe of C:\Program Files\Streaming\maxbox4\Import\tutor110\
>>>> Stop Script: 461_sqlform_calwin.txt                    2023-04-02 19:07:05 
[RAM  monitor] : (2147483647, 2147483647, 48%) CompileRun Success! RT: 19:7:4.120
 
>>>> Start Script: C:\Program Files\Streaming\maxbox4\Import\tutor110\461_sqlform_calwin.txt  2023-04-02 19:07:26 
           From Host: maXbox4.exe of C:\Program Files\Streaming\maxbox4\Import\tutor110\
>>>> Stop Script: 461_sqlform_calwin.txt                    2023-04-02 19:07:38 
[RAM  monitor] : (2147483647, 2147483647, 48%) CompileRun Success! RT: 0:0:12.100
 
>>>> Start Script: C:\Program Files\Streaming\maxbox4\Import\tutor110\461_sqlform_calwin.txt  2023-04-02 19:07:45 
           From Host: maXbox4.exe of C:\Program Files\Streaming\maxbox4\Import\tutor110\
>>>> Stop Script: 461_sqlform_calwin.txt                    2023-04-02 19:07:58 
[RAM  monitor] : (2147483647, 2147483647, 48%) CompileRun Success! RT: 0:0:12.975
 
>>>> Start Script: C:\Program Files\Streaming\maxbox4\Import\tutor110\461_sqlform_calwin.txt  2023-04-02 19:11:56 
           From Host: maXbox4.exe of C:\Program Files\Streaming\maxbox4\Import\tutor110\
>>>> Stop Script: 461_sqlform_calwin.txt                    2023-04-02 19:12:05 
[RAM  monitor] : (2147483647, 2147483647, 49%) CompileRun Success! RT: 0:0:8.434
 
>>>> Start Script: C:\Program Files\Streaming\maxbox4\Import\tutor110\443_webserver_arduino_rgb_light4.txt  2023-04-02 19:13:36 
           From Host: maXbox4.exe of C:\Program Files\Streaming\maxbox4\Import\tutor110\
C:\Program Files\Streaming\maxbox4\Import\tutor110\443_webserver_arduino_rgb_light4.txt failed
>>>> Fail maXbox4.exe                                       2023-04-02 19:13:36 
 
>>>> Start Script: C:\Program Files\Streaming\maxbox4\Import\tutor110\443_webserver_arduino_rgb_light4.txt  2023-04-02 19:14:22 
           From Host: maXbox4.exe of C:\Program Files\Streaming\maxbox4\Import\tutor110\
>>>> Stop Script: 443_webserver_arduino_rgb_light4.txt      2023-04-02 19:14:26 
[RAM  monitor] : (2147483647, 2147483647, 49%) CompileRun Success! RT: 0:0:3.376
 
>>>> Start Script: C:\Program Files\Streaming\maxbox4\Import\tutor110\271_closures_study2.txt  2023-04-02 19:20:30 
           From Host: maXbox4.exe of C:\Program Files\Streaming\maxbox4\Import\tutor110\
>>>> Stop Script: 271_closures_study2.txt                   2023-04-02 19:20:31 
[RAM  monitor] : (2147483647, 2147483647, 49%) CompileRun Success! RT: 19:20:30.699
 
>>>> Start Script: C:\Program Files\Streaming\maxbox4\Import\tutor110\271_closures_study2.txt  2023-04-02 19:20:45 
           From Host: maXbox4.exe of C:\Program Files\Streaming\maxbox4\Import\tutor110\
>>>> Stop Script: 271_closures_study2.txt                   2023-04-02 19:20:46 
[RAM  monitor] : (2147483647, 2147483647, 49%) CompileRun Success! RT: 19:20:45.69
 
>>>> Start Script: C:\Program Files\Streaming\maxbox4\Import\tutor110\271_closures_study2.txt  2023-04-02 19:21:22 
           From Host: maXbox4.exe of C:\Program Files\Streaming\maxbox4\Import\tutor110\
>>>> Stop Script: 271_closures_study2.txt                   2023-04-02 19:21:55 
[RAM  monitor] : (2147483647, 2147483647, 49%) CompileRun Success! RT: 0:0:32.646
 
>>>> Start Script: C:\Program Files\Streaming\maxbox4\Import\tutor110\271_closures_study2.txt  2023-04-02 19:22:38 
           From Host: maXbox4.exe of C:\Program Files\Streaming\maxbox4\Import\tutor110\
>>>> Stop Script: 271_closures_study2.txt                   2023-04-02 19:23:09 
[RAM  monitor] : (2147483647, 2147483647, 49%) CompileRun Success! RT: 0:0:31.157
 
>>>> Start Script: C:\Program Files\Streaming\maxbox4\Import\tutor110\268_DBGrid_tree.txt  2023-04-02 20:05:11 
           From Host: maXbox4.exe of C:\Program Files\Streaming\maxbox4\Import\tutor110\
>>>> Stop Script: 268_DBGrid_tree.txt                       2023-04-02 20:05:14 
[RAM  monitor] : (2147483647, 2147483647, 49%) CompileRun Success! RT: 20:5:11.552
 
>>>> Start Script: C:\Program Files\Streaming\maxbox4\Import\tutor110\068_sound_oscilloscope.txt  2023-04-02 20:07:55 
           From Host: maXbox4.exe of C:\Program Files\Streaming\maxbox4\Import\tutor110\
>>>> Stop Script: 068_sound_oscilloscope.txt                2023-04-02 20:08:03 
[RAM  monitor] : (2147483647, 2147483647, 49%) CompileRun Success! RT: 0:0:8.206
 
>>>> Start Script: C:\Program Files\Streaming\maxbox4\Import\tutor110\068_sound_oscilloscope.txt  2023-04-02 20:08:21 
           From Host: maXbox4.exe of C:\Program Files\Streaming\maxbox4\Import\tutor110\
>>>> Stop Script: 068_sound_oscilloscope.txt                2023-04-02 20:08:29 
[RAM  monitor] : (2147483647, 2147483647, 49%) CompileRun Success! RT: 0:0:8.158
 
>>>> Start Script: C:\Program Files\Streaming\maxbox4\Import\tutor110\475_GPS_mX2.txt  2023-04-02 20:16:19 
           From Host: maXbox4.exe of C:\Program Files\Streaming\maxbox4\Import\tutor110\
>>>> Stop Script: 475_GPS_mX2.txt                           2023-04-02 20:16:20 
[RAM  monitor] : (2147483647, 2147483647, 49%) CompileRun Success! RT: 20:16:19.457
 
>>>> Start Script: C:\Program Files\Streaming\maxbox4\Import\tutor110\587_one_function_assert.txt  2023-04-02 20:20:39 
           From Host: maXbox4.exe of C:\Program Files\Streaming\maxbox4\Import\tutor110\
>>>> Stop Script: 587_one_function_assert.txt               2023-04-02 20:20:40 
[RAM  monitor] : (2147483647, 2147483647, 48%) CompileRun Success! RT: 20:20:39.873
 
>>>> Start Script: C:\Program Files\Streaming\maxbox4\Import\tutor110\587_one_function_assert.txt  2023-04-02 20:20:51 
           From Host: maXbox4.exe of C:\Program Files\Streaming\maxbox4\Import\tutor110\
>>>> Stop Script: 587_one_function_assert.txt               2023-04-02 20:20:52 
[RAM  monitor] : (2147483647, 2147483647, 48%) CompileRun Success! RT: 20:20:51.357
 
>>>> Start Script: C:\Program Files\Streaming\maxbox4\Import\tutor110\587_one_function_assert.txt  2023-04-02 20:20:55 
           From Host: maXbox4.exe of C:\Program Files\Streaming\maxbox4\Import\tutor110\
>>>> Stop Script: 587_one_function_assert.txt               2023-04-02 20:20:56 
[RAM  monitor] : (2147483647, 2147483647, 48%) CompileRun Success! RT: 20:20:55.59
 
>>>> Start Script: C:\Program Files\Streaming\maxbox4\Import\tutor110\587_one_function_assert.txt  2023-04-02 20:21:05 
           From Host: maXbox4.exe of C:\Program Files\Streaming\maxbox4\Import\tutor110\
>>>> Stop Script: 587_one_function_assert.txt               2023-04-02 20:21:07 
[RAM  monitor] : (2147483647, 2147483647, 48%) CompileRun Success! RT: 0:0:2.561
 
>>>> Start Script: C:\Program Files\Streaming\maxbox4\Import\tutor110\587_one_function_assert.txt  2023-04-02 20:21:20 
           From Host: maXbox4.exe of C:\Program Files\Streaming\maxbox4\Import\tutor110\
>>>> Stop Script: 587_one_function_assert.txt               2023-04-02 20:21:22 
[RAM  monitor] : (2147483647, 2147483647, 48%) CompileRun Success! RT: 0:0:2.446
 
>>>> Start Script: C:\Program Files\Streaming\maxbox4\Import\tutor110\617_API_coding_tut37.txt  2023-04-02 20:23:58 
           From Host: maXbox4.exe of C:\Program Files\Streaming\maxbox4\Import\tutor110\
>>>> Stop Script: 617_API_coding_tut37.txt                  2023-04-02 20:24:16 
[RAM  monitor] : (2147483647, 2147483647, 48%) CompileRun Success! RT: 0:0:18.48
 
>>>> Start Script: C:\Program Files\Streaming\maxbox4\Import\tutor110\617_API_coding_tut37.txt  2023-04-02 20:24:27 
           From Host: maXbox4.exe of C:\Program Files\Streaming\maxbox4\Import\tutor110\
>>>> Stop Script: 617_API_coding_tut37.txt                  2023-04-02 20:24:36 
[RAM  monitor] : (2147483647, 2147483647, 48%) CompileRun Success! RT: 0:0:8.883
 
>>>> Start Script: C:\Program Files\Streaming\maxbox4\Import\tutor110\356_3D_printer.txt  2023-04-02 20:26:22 
           From Host: maXbox4.exe of C:\Program Files\Streaming\maxbox4\Import\tutor110\
>>>> Stop Script: 356_3D_printer.txt                        2023-04-02 20:27:39 
[RAM  monitor] : (2147483647, 2147483647, 47%) CompileRun Success! RT: 0:1:16.908
 
>>>> Start Script: C:\Program Files\Streaming\maxbox4\Import\tutor110\509_geomap3.txt  2023-04-02 20:33:13 
           From Host: maXbox4.exe of C:\Program Files\Streaming\maxbox4\Import\tutor110\
>>>> Stop Script: 509_geomap3.txt                           2023-04-02 20:33:16 
[RAM  monitor] : (2147483647, 2147483647, 47%) CompileRun Success! RT: 0:0:3.6
 
>>>> Start Script: C:\Program Files\Streaming\maxbox4\Import\tutor110\509_geomap3.txt  2023-04-02 20:33:30 
           From Host: maXbox4.exe of C:\Program Files\Streaming\maxbox4\Import\tutor110\
>>>> Stop Script: 509_geomap3.txt                           2023-04-02 20:33:33 
[RAM  monitor] : (2147483647, 2147483647, 47%) CompileRun Success! RT: 0:0:2.865
 
>>>> Start Script: C:\Program Files\Streaming\maxbox4\Import\tutor110\509_GEOMapMemoryStreamtest.TXT  2023-04-02 20:42:34 
           From Host: maXbox4.exe of C:\Program Files\Streaming\maxbox4\Import\tutor110\
C:\Program Files\Streaming\maxbox4\Import\tutor110\509_GEOMapMemoryStreamtest.TXT failed
>>>> Fail maXbox4.exe                                       2023-04-02 20:42:35 
 
>>>> Start Script: C:\Program Files\Streaming\maxbox4\Import\tutor110\509_GEOMapMemoryStreamtest.TXT  2023-04-02 20:43:12 
           From Host: maXbox4.exe of C:\Program Files\Streaming\maxbox4\Import\tutor110\
C:\Program Files\Streaming\maxbox4\Import\tutor110\509_GEOMapMemoryStreamtest.TXT failed
>>>> Fail maXbox4.exe                                       2023-04-02 20:43:13 
 
>>>> Start Script: C:\Program Files\Streaming\maxbox4\Import\tutor110\509_GEOMapMemoryStreamtest.TXT  2023-04-02 20:43:19 
           From Host: maXbox4.exe of C:\Program Files\Streaming\maxbox4\Import\tutor110\
C:\Program Files\Streaming\maxbox4\Import\tutor110\509_GEOMapMemoryStreamtest.TXT failed
>>>> Fail maXbox4.exe                                       2023-04-02 20:43:20 
 
>>>> Start Script: C:\Program Files\Streaming\maxbox4\Import\tutor110\509_GEOMapMemoryStreamtest.TXT  2023-04-02 20:43:35 
           From Host: maXbox4.exe of C:\Program Files\Streaming\maxbox4\Import\tutor110\
C:\Program Files\Streaming\maxbox4\Import\tutor110\509_GEOMapMemoryStreamtest.TXT failed
>>>> Fail maXbox4.exe                                       2023-04-02 20:43:36 
 
>>>> Start Script: C:\Program Files\Streaming\maxbox4\Import\tutor110\509_GEOMapMemoryStreamtest.TXT  2023-04-02 20:43:41 
           From Host: maXbox4.exe of C:\Program Files\Streaming\maxbox4\Import\tutor110\
>>>> Stop Script: 509_GEOMapMemoryStreamtest.TXT            2023-04-02 20:43:47 
[RAM  monitor] : (2147483647, 2147483647, 46%) CompileRun Success! RT: 20:43:41.387
 
>>>> Start Script: C:\Program Files\Streaming\maxbox4\Import\tutor110\640_rest_geocode.txt  2023-04-02 20:47:38 
           From Host: maXbox4.exe of C:\Program Files\Streaming\maxbox4\Import\tutor110\
C:\Program Files\Streaming\maxbox4\Import\tutor110\640_rest_geocode.txt failed
>>>> Fail maXbox4.exe                                       2023-04-02 20:47:39 
 
>>>> Start Script: C:\Program Files\Streaming\maxbox4\Import\tutor110\640_rest_geocode.txt  2023-04-02 20:48:00 
           From Host: maXbox4.exe of C:\Program Files\Streaming\maxbox4\Import\tutor110\
C:\Program Files\Streaming\maxbox4\Import\tutor110\640_rest_geocode.txt failed
>>>> Fail maXbox4.exe                                       2023-04-02 20:48:01 
 
>>>> Start Script: C:\Program Files\Streaming\maxbox4\Import\tutor110\640_rest_geocode.txt  2023-04-02 20:48:06 
           From Host: maXbox4.exe of C:\Program Files\Streaming\maxbox4\Import\tutor110\
>>>> Stop Script: 640_rest_geocode.txt                      2023-04-02 20:48:07 
[RAM  monitor] : (2147483647, 2147483647, 46%) CompileRun Success! RT: 20:48:6.52
 
>>>> Start Script: C:\Program Files\Streaming\maxbox4\Import\tutor110\640_rest_geocode.txt  2023-04-02 20:48:46 
           From Host: maXbox4.exe of C:\Program Files\Streaming\maxbox4\Import\tutor110\
>>>> Stop Script: 640_rest_geocode.txt                      2023-04-02 20:48:47 
[RAM  monitor] : (2147483647, 2147483647, 46%) CompileRun Success! RT: 20:48:46.42
 
>>>> Start Script: C:\Program Files\Streaming\maxbox4\Import\tutor110\161_bigint_class_maxprove2.txt  2023-04-02 20:51:58 
           From Host: maXbox4.exe of C:\Program Files\Streaming\maxbox4\Import\tutor110\
>>>> Stop Script: 161_bigint_class_maxprove2.txt            2023-04-02 20:52:01 
[RAM  monitor] : (2147483647, 2147483647, 47%) CompileRun Success! RT: 0:0:3.430
 
>>>> Start Script: C:\Program Files\Streaming\maxbox4\Import\tutor110\161_bigint_class_maxprove3.txt  2023-04-02 20:55:09 
           From Host: maXbox4.exe of C:\Program Files\Streaming\maxbox4\Import\tutor110\
>>>> Stop Script: 161_bigint_class_maxprove3.txt            2023-04-02 20:55:13 
[RAM  monitor] : (2147483647, 2147483647, 46%) CompileRun Success! RT: 0:0:3.404
 
>>>> Start Script: C:\Program Files\Streaming\maxbox4\Import\tutor110\161_bigint_class_maxprove3.txt  2023-04-02 20:56:01 
           From Host: maXbox4.exe of C:\Program Files\Streaming\maxbox4\Import\tutor110\
>>>> Stop Script: 161_bigint_class_maxprove3.txt            2023-04-02 20:56:04 
[RAM  monitor] : (2147483647, 2147483647, 46%) CompileRun Success! RT: 0:0:3.536
 
>>>> Start Script: C:\Program Files\Streaming\maxbox4\Import\tutor110\630_multikernel3.TXT  2023-04-02 20:58:24 
           From Host: maXbox4.exe of C:\Program Files\Streaming\maxbox4\Import\tutor110\
>>>> Stop Script: 630_multikernel3.TXT                      2023-04-02 20:58:25 
[RAM  monitor] : (2147483647, 2147483647, 47%) CompileRun Success! RT: 0:0:1.112
 
>>>> Start Script: C:\Program Files\Streaming\maxbox4\Import\tutor110\630_multikernel3.TXT  2023-04-02 20:59:29 
           From Host: maXbox4.exe of C:\Program Files\Streaming\maxbox4\Import\tutor110\
>>>> Stop Script: 630_multikernel3.TXT                      2023-04-02 20:59:30 
[RAM  monitor] : (2147483647, 2147483647, 47%) CompileRun Success! RT: 0:0:1.118
 
>>>> Start Script: C:\Program Files\Streaming\maxbox4\Import\tutor110\615_regex_metrics_java2pascal.txt  2023-04-02 22:51:06 
           From Host: maXbox4.exe of C:\Program Files\Streaming\maxbox4\Import\tutor110\
C:\Program Files\Streaming\maxbox4\Import\tutor110\615_regex_metrics_java2pascal.txt failed
>>>> Fail maXbox4.exe                                       2023-04-02 22:51:08 
 
>>>> Start Script: C:\Program Files\Streaming\maxbox4\Import\tutor110\615_regex_metrics_java2pascal.txt  2023-04-02 22:51:17 
           From Host: maXbox4.exe of C:\Program Files\Streaming\maxbox4\Import\tutor110\
>>>> Stop Script: 615_regex_metrics_java2pascal.txt         2023-04-02 22:51:21 
[RAM  monitor] : (2147483647, 2147483647, 48%) CompileRun Success! RT: 0:0:4.289
 
>>>> Start Script: C:\Program Files\Streaming\maxbox4\Import\tutor110\161_bigint_class_maxprove3.txt  2023-04-02 22:53:38 
           From Host: maXbox4.exe of C:\Program Files\Streaming\maxbox4\Import\tutor110\
>>>> Stop Script: 161_bigint_class_maxprove3.txt            2023-04-02 22:53:43 
[RAM  monitor] : (2147483647, 2147483647, 48%) CompileRun Success! RT: 0:0:5.44
 
>>>> Start Script: C:\Program Files\Streaming\maxbox4\Import\tutor110\667_URobo2.pas  2023-04-02 22:56:38 
           From Host: maXbox4.exe of C:\Program Files\Streaming\maxbox4\Import\tutor110\
>>>> Stop Script: 667_URobo2.pas                            2023-04-02 22:56:40 
[RAM  monitor] : (2147483647, 2147483647, 49%) CompileRun Success! RT: 0:0:1.525
 
>>>> Start Script: C:\Program Files\Streaming\maxbox4\Import\tutor110\667_URobo2.pas  2023-04-02 23:01:58 
           From Host: maXbox4.exe of C:\Program Files\Streaming\maxbox4\Import\tutor110\
>>>> Stop Script: 667_URobo2.pas                            2023-04-02 23:02:00 
[RAM  monitor] : (2147483647, 2147483647, 48%) CompileRun Success! RT: 0:0:1.506
 
>>>> Start Script: C:\Program Files\Streaming\maxbox4\Import\tutor110\750_ibz_cryptomem_RSA_proof_64.txt  2023-04-02 23:02:12 
           From Host: maXbox4.exe of C:\Program Files\Streaming\maxbox4\Import\tutor110\
>>>> Stop Script: 750_ibz_cryptomem_RSA_proof_64.txt        2023-04-02 23:02:46 
[RAM  monitor] : (2147483647, 2147483647, 48%) CompileRun Success! RT: 0:0:34.46
 
>>>> Start Script: C:\Program Files\Streaming\maxbox4\Import\tutor110\749_helloWebServer3_tempsensor4adafruit2.txt  2023-04-02 23:05:50 
           From Host: maXbox4.exe of C:\Program Files\Streaming\maxbox4\Import\tutor110\
>>>> Stop Script: 749_helloWebServer3_tempsensor4adafruit2.txt  2023-04-02 23:06:00 
[RAM  monitor] : (2147483647, 2147483647, 48%) CompileRun Success! RT: 0:0:9.434
 
>>>> Start Script: C:\Program Files\Streaming\maxbox4\Import\tutor110\712_towerofhanoi_animation.pas  2023-04-02 23:09:40 
           From Host: maXbox4.exe of C:\Program Files\Streaming\maxbox4\Import\tutor110\
>>>> Stop Script: 712_towerofhanoi_animation.pas            2023-04-02 23:09:43 
[RAM  monitor] : (2147483647, 2147483647, 48%) CompileRun Success! RT: 0:0:2.564
 
>>>> Start Script: C:\Program Files\Streaming\maxbox4\Import\tutor110\712_towerofhanoi_animation.pas  2023-04-02 23:10:16 
           From Host: maXbox4.exe of C:\Program Files\Streaming\maxbox4\Import\tutor110\
>>>> Stop Script: 712_towerofhanoi_animation.pas            2023-04-02 23:10:18 
[RAM  monitor] : (2147483647, 2147483647, 48%) CompileRun Success! RT: 0:0:2.680
 
>>>> Start Script: C:\Program Files\Streaming\maxbox4\Import\tutor110\750_RSA_Toolproof4.txt  2023-04-02 23:14:09 
           From Host: maXbox4.exe of C:\Program Files\Streaming\maxbox4\Import\tutor110\
>>>> Stop Script: 750_RSA_Toolproof4.txt                    2023-04-02 23:14:15 
[RAM  monitor] : (2147483647, 2147483647, 48%) CompileRun Success! RT: 0:0:6.10
 
>>>> Start Script: C:\Program Files\Streaming\maxbox4\Import\tutor110\766_wmi_management.txt  2023-04-02 23:17:55 
           From Host: maXbox4.exe of C:\Program Files\Streaming\maxbox4\Import\tutor110\
 
>>>> Start Script: C:\Program Files\Streaming\maxbox4\Import\tutor110\766_wmi_management.txt  2023-04-02 23:17:59 
           From Host: maXbox4.exe of C:\Program Files\Streaming\maxbox4\Import\tutor110\
 
>>>> Start Script: C:\Program Files\Streaming\maxbox4\Import\tutor110\766_wmi_management.txt  2023-04-02 23:18:04 
           From Host: maXbox4.exe of C:\Program Files\Streaming\maxbox4\Import\tutor110\
>>>> Stop Script: 766_wmi_management.txt                    2023-04-02 23:18:10 
[RAM  monitor] : (2147483647, 2147483647, 48%) CompileRun Success! RT: 23:18:4.388
 
>>>> Start Script: C:\Program Files\Streaming\maxbox4\Import\tutor110\766_wmi_management.txt  2023-04-02 23:19:15 
           From Host: maXbox4.exe of C:\Program Files\Streaming\maxbox4\Import\tutor110\
>>>> Stop Script: 766_wmi_management.txt                    2023-04-02 23:19:21 
[RAM  monitor] : (2147483647, 2147483647, 48%) CompileRun Success! RT: 23:19:15.53
 
>>>> Start Script: C:\Program Files\Streaming\maxbox4\Import\tutor110\766_wmi_management.txt  2023-04-02 23:19:41 
           From Host: maXbox4.exe of C:\Program Files\Streaming\maxbox4\Import\tutor110\
>>>> Stop Script: 766_wmi_management.txt                    2023-04-02 23:19:47 
[RAM  monitor] : (2147483647, 2147483647, 48%) CompileRun Success! RT: 23:19:41.852
 
>>>> Start Script: C:\Program Files\Streaming\maxbox4\Import\tutor110\766_wmi_management.txt  2023-04-02 23:20:38 
           From Host: maXbox4.exe of C:\Program Files\Streaming\maxbox4\Import\tutor110\
>>>> Stop Script: 766_wmi_management.txt                    2023-04-02 23:20:45 
[RAM  monitor] : (2147483647, 2147483647, 48%) CompileRun Success! RT: 0:0:6.265
 
>>>> Start Script: C:\Program Files\Streaming\maxbox4\Import\tutor110\766_wmi_management2.txt  2023-04-02 23:22:41 
           From Host: maXbox4.exe of C:\Program Files\Streaming\maxbox4\Import\tutor110\
>>>> Stop Script: 766_wmi_management2.txt                   2023-04-02 23:23:48 
[RAM  monitor] : (2147483647, 2147483647, 48%) CompileRun Success! RT: 23:22:41.580
 
>>>> Start Script: C:\Program Files\Streaming\maxbox4\Import\tutor110\751_Elevator_Simulator3.pas  2023-04-02 23:29:04 
           From Host: maXbox4.exe of C:\Program Files\Streaming\maxbox4\Import\tutor110\
>>>> Stop Script: 751_Elevator_Simulator3.pas               2023-04-02 23:29:05 
[RAM  monitor] : (2147483647, 2147483647, 49%) CompileRun Success! RT: 0:0:1.589
 
>>>> Start Script: C:\Program Files\Streaming\maxbox4\Import\tutor110\sha256.txt  2023-04-02 23:31:44 
           From Host: maXbox4.exe of C:\Program Files\Streaming\maxbox4\Import\tutor110\
>>>> Stop Script: sha256.txt                                2023-04-02 23:31:45 
[RAM  monitor] : (2147483647, 2147483647, 49%) CompileRun Success! RT: 23:31:44.137
 
>>>> Start Script: C:\Program Files\Streaming\maxbox4\Import\tutor110\sha256.txt  2023-04-02 23:31:56 
           From Host: maXbox4.exe of C:\Program Files\Streaming\maxbox4\Import\tutor110\
>>>> Stop Script: sha256.txt                                2023-04-02 23:31:58 
[RAM  monitor] : (2147483647, 2147483647, 49%) CompileRun Success! RT: 0:0:1.941
 
>>>> Start Script: C:\Program Files\Streaming\maxbox4\Import\tutor110\sha256.txt  2023-04-03 09:21:16 
           From Host: maXbox4.exe of C:\Program Files\Streaming\maxbox4\Import\tutor110\
>>>> Stop Script: sha256.txt                                2023-04-03 09:21:17 
[RAM  monitor] : (2147483647, 2147483647, 50%) CompileRun Success! RT: 0:0:1.463
 
>>>> Start Script: C:\Program Files\Streaming\maxbox4\Import\tutor110\807_FANN_XorSample2.pas  2023-04-03 09:25:31 
           From Host: maXbox4.exe of C:\Program Files\Streaming\maxbox4\Import\tutor110\
>>>> Stop Script: 807_FANN_XorSample2.pas                   2023-04-03 09:25:32 
[RAM  monitor] : (2147483647, 2147483647, 51%) CompileRun Success! RT: 0:0:0.958
 
>>>> Start Script: C:\Program Files\Streaming\maxbox4\Import\tutor110\neuralnetwork.txt  2023-04-03 09:30:04 
           From Host: maXbox4.exe of C:\Program Files\Streaming\maxbox4\Import\tutor110\
>>>> Stop Script: neuralnetwork.txt                         2023-04-03 09:30:05 
[RAM  monitor] : (2147483647, 2147483647, 50%) CompileRun Success! RT: 0:0:0.979
 
>>>> Start Script: C:\Program Files\Streaming\maxbox4\Import\tutor110\811_mXpcatest_dmath_datascience.pas  2023-04-03 09:44:14 
           From Host: maXbox4.exe of C:\Program Files\Streaming\maxbox4\Import\tutor110\
C:\Program Files\Streaming\maxbox4\Import\tutor110\811_mXpcatest_dmath_datascience.pas failed
>>>> Fail maXbox4.exe                                       2023-04-03 09:44:15 
 
>>>> Start Script: C:\Program Files\Streaming\maxbox4\Import\tutor110\811_mXpcatest_dmath_datascience.pas  2023-04-03 09:47:51 
           From Host: maXbox4.exe of C:\Program Files\Streaming\maxbox4\Import\tutor110\
>>>> Stop Script: 811_mXpcatest_dmath_datascience.pas       2023-04-03 09:47:52 
[RAM  monitor] : (2147483647, 2147483647, 48%) CompileRun Success! RT: 0:0:1.299
 
>>>> Start Script: C:\Program Files\Streaming\maxbox4\Import\tutor110\811_mXpcatest_dmath_datascience.pas  2023-04-03 09:48:05 
           From Host: maXbox4.exe of C:\Program Files\Streaming\maxbox4\Import\tutor110\
>>>> Stop Script: 811_mXpcatest_dmath_datascience.pas       2023-04-03 09:48:06 
[RAM  monitor] : (2147483647, 2147483647, 48%) CompileRun Success! RT: 0:0:1.298
 
>>>> Start Script: C:\Program Files\Streaming\maxbox4\Import\tutor110\813_PCA_datascience_iris3.txt  2023-04-03 09:52:12 
           From Host: maXbox4.exe of C:\Program Files\Streaming\maxbox4\Import\tutor110\
>>>> Stop Script: 813_PCA_datascience_iris3.txt             2023-04-03 09:52:16 
[RAM  monitor] : (2147483647, 2147483647, 48%) CompileRun Success! RT: 0:0:3.708
 
>>>> Start Script: C:\Program Files\Streaming\maxbox4\Import\tutor110\813_PCA_datascience_iris3.txt  2023-04-03 09:55:24 
           From Host: maXbox4.exe of C:\Program Files\Streaming\maxbox4\Import\tutor110\
>>>> Stop Script: 813_PCA_datascience_iris3.txt             2023-04-03 09:55:28 
[RAM  monitor] : (2147483647, 2147483647, 48%) CompileRun Success! RT: 0:0:3.663
 
>>>> Start Script: C:\Program Files\Streaming\maxbox4\Import\tutor110\813_PCA_datascience_iris3.txt  2023-04-03 09:56:31 
           From Host: maXbox4.exe of C:\Program Files\Streaming\maxbox4\Import\tutor110\
>>>> Stop Script: 813_PCA_datascience_iris3.txt             2023-04-03 09:56:35 
[RAM  monitor] : (2147483647, 2147483647, 48%) CompileRun Success! RT: 0:0:3.591
 
>>>> Start Script: C:\Program Files\Streaming\maxbox4\Import\tutor110\809_FANN_XorSample_traindata.pas  2023-04-03 09:59:42 
           From Host: maXbox4.exe of C:\Program Files\Streaming\maxbox4\Import\tutor110\
>>>> Stop Script: 809_FANN_XorSample_traindata.pas          2023-04-03 09:59:43 
[RAM  monitor] : (2147483647, 2147483647, 48%) CompileRun Success! RT: 0:0:1.34
 
>>>> Start Script: C:\Program Files\Streaming\maxbox4\Import\tutor110\sentiment2.txt  2023-04-03 10:03:30 
           From Host: maXbox4.exe of C:\Program Files\Streaming\maxbox4\Import\tutor110\
>>>> Stop Script: sentiment2.txt                            2023-04-03 10:03:37 
[RAM  monitor] : (2147483647, 2147483647, 47%) CompileRun Success! RT: 0:0:7.119
 
>>>> Start Script: C:\Program Files\Streaming\maxbox4\Import\tutor110\sentiment2.txt  2023-04-03 10:03:54 
           From Host: maXbox4.exe of C:\Program Files\Streaming\maxbox4\Import\tutor110\
>>>> Stop Script: sentiment2.txt                            2023-04-03 10:04:01 
[RAM  monitor] : (2147483647, 2147483647, 47%) CompileRun Success! RT: 0:0:7.107
 
>>>> Start Script: C:\Program Files\Streaming\maxbox4\Import\tutor110\datascience.txt  2023-04-03 10:06:14 
           From Host: maXbox4.exe of C:\Program Files\Streaming\maxbox4\Import\tutor110\
>>>> Stop Script: datascience.txt                           2023-04-03 10:06:15 
[RAM  monitor] : (2147483647, 2147483647, 47%) CompileRun Success! RT: 0:0:1.202
 
>>>> Start Script: C:\Program Files\Streaming\maxbox4\Import\tutor110\datascience.txt  2023-04-03 10:06:22 
           From Host: maXbox4.exe of C:\Program Files\Streaming\maxbox4\Import\tutor110\
>>>> Stop Script: datascience.txt                           2023-04-03 10:06:23 
[RAM  monitor] : (2147483647, 2147483647, 47%) CompileRun Success! RT: 0:0:1.243
 
>>>> Start Script: C:\Program Files\Streaming\maxbox4\Import\tutor110\828_install_routine.txt  2023-04-03 10:15:52 
           From Host: maXbox4.exe of C:\Program Files\Streaming\maxbox4\Import\tutor110\
>>>> Stop Script: 828_install_routine.txt                   2023-04-03 10:15:53 
[RAM  monitor] : (2147483647, 2147483647, 48%) CompileRun Success! RT: 10:15:52.527
 
>>>> Start Script: C:\Program Files\Streaming\maxbox4\Import\tutor110\828_install_routine.txt  2023-04-03 10:16:35 
           From Host: maXbox4.exe of C:\Program Files\Streaming\maxbox4\Import\tutor110\
>>>> Stop Script: 828_install_routine.txt                   2023-04-03 10:17:06 
[RAM  monitor] : (2147483647, 2147483647, 48%) CompileRun Success! RT: 0:0:31.863
 
>>>> Start Script: C:\Program Files\Streaming\maxbox4\Import\tutor110\866_native_console.txt  2023-04-03 10:29:24 
           From Host: maXbox4.exe of C:\Program Files\Streaming\maxbox4\Import\tutor110\
>>>> Stop Script: 866_native_console.txt                    2023-04-03 10:29:25 
[RAM  monitor] : (2147483647, 2147483647, 47%) CompileRun Success! RT: 10:29:24.474
 
>>>> Start Script: C:\Program Files\Streaming\maxbox4\Import\tutor110\866_native_console.txt  2023-04-03 10:29:34 
           From Host: maXbox4.exe of C:\Program Files\Streaming\maxbox4\Import\tutor110\
>>>> Stop Script: 866_native_console.txt                    2023-04-03 10:29:35 
[RAM  monitor] : (2147483647, 2147483647, 46%) CompileRun Success! RT: 0:0:1.2
 
>>>> Start Script: C:\Program Files\Streaming\maxbox4\Import\tutor110\866_native_console.txt  2023-04-03 10:30:12 
           From Host: maXbox4.exe of C:\Program Files\Streaming\maxbox4\Import\tutor110\
>>>> Stop Script: 866_native_console.txt                    2023-04-03 10:30:13 
[RAM  monitor] : (2147483647, 2147483647, 46%) CompileRun Success! RT: 0:0:0.995
 
>>>> Start Script: C:\Program Files\Streaming\maxbox4\Import\tutor110\cgi.txt  2023-04-03 10:34:18 
           From Host: maXbox4.exe of C:\Program Files\Streaming\maxbox4\Import\tutor110\
>>>> Stop Script: cgi.txt                                   2023-04-03 10:34:20 
[RAM  monitor] : (2147483647, 2147483647, 47%) CompileRun Success! RT: 0:0:1.813
 
>>>> Start Script: C:\Program Files\Streaming\maxbox4\Import\tutor110\cgi.txt  2023-04-03 10:40:38 
           From Host: maXbox4.exe of C:\Program Files\Streaming\maxbox4\Import\tutor110\
>>>> Stop Script: cgi.txt                                   2023-04-03 10:40:40 
[RAM  monitor] : (2147483647, 2147483647, 46%) CompileRun Success! RT: 0:0:1.690
 
>>>> Start Script: C:\Program Files\Streaming\maxbox4\Import\tutor110\766_wmi_management2.txt  2023-04-03 10:56:24 
           From Host: maXbox4.exe of C:\Program Files\Streaming\maxbox4\Import\tutor110\
>>>> Stop Script: 766_wmi_management2.txt                   2023-04-03 10:56:48 
[RAM  monitor] : (2147483647, 2147483647, 48%) CompileRun Success! RT: 10:56:24.449
 
>>>> Start Script: C:\Program Files\Streaming\maxbox4\Import\tutor110\sphere2.txt  2023-04-03 11:15:39 
           From Host: maXbox4.exe of C:\Program Files\Streaming\maxbox4\Import\tutor110\
>>>> Stop Script: sphere2.txt                               2023-04-03 11:17:02 
[RAM  monitor] : (2147483647, 2147483647, 51%) CompileRun Success! RT: 0:1:22.336
 
>>>> Start Script: C:\Program Files\Streaming\maxbox4\Import\tutor110\sphere2.txt  2023-04-03 11:21:23 
           From Host: maXbox4.exe of C:\Program Files\Streaming\maxbox4\Import\tutor110\
>>>> Stop Script: sphere2.txt                               2023-04-03 11:22:49 
[RAM  monitor] : (2147483647, 2147483647, 47%) CompileRun Success! RT: 0:1:25.746
 
>>>> Start Script: C:\Program Files\Streaming\maxbox4\Import\tutor110\unittests.txt  2023-04-03 11:33:08 
           From Host: maXbox4.exe of C:\Program Files\Streaming\maxbox4\Import\tutor110\
C:\Program Files\Streaming\maxbox4\Import\tutor110\unittests.txt failed
>>>> Fail maXbox4.exe                                       2023-04-03 11:33:09 
 
>>>> Start Script: C:\Program Files\Streaming\maxbox4\Import\tutor110\unittests.txt  2023-04-03 11:33:15 
           From Host: maXbox4.exe of C:\Program Files\Streaming\maxbox4\Import\tutor110\
C:\Program Files\Streaming\maxbox4\Import\tutor110\unittests.txt failed
>>>> Fail maXbox4.exe                                       2023-04-03 11:33:16 
 
>>>> Start Script: C:\Program Files\Streaming\maxbox4\Import\tutor110\unittests.txt  2023-04-03 11:33:27 
           From Host: maXbox4.exe of C:\Program Files\Streaming\maxbox4\Import\tutor110\
C:\Program Files\Streaming\maxbox4\Import\tutor110\unittests.txt failed
>>>> Fail maXbox4.exe                                       2023-04-03 11:33:28 
 
>>>> Start Script: C:\Program Files\Streaming\maxbox4\Import\tutor110\unittests.txt  2023-04-03 11:33:36 
           From Host: maXbox4.exe of C:\Program Files\Streaming\maxbox4\Import\tutor110\
C:\Program Files\Streaming\maxbox4\Import\tutor110\unittests.txt failed
>>>> Fail maXbox4.exe                                       2023-04-03 11:33:36 
 
>>>> Start Script: C:\Program Files\Streaming\maxbox4\Import\tutor110\unittests.txt  2023-04-03 11:33:43 
           From Host: maXbox4.exe of C:\Program Files\Streaming\maxbox4\Import\tutor110\
C:\Program Files\Streaming\maxbox4\Import\tutor110\unittests.txt failed
>>>> Fail maXbox4.exe                                       2023-04-03 11:33:43 
 
>>>> Start Script: C:\Program Files\Streaming\maxbox4\Import\tutor110\unittests.txt  2023-04-03 11:33:49 
           From Host: maXbox4.exe of C:\Program Files\Streaming\maxbox4\Import\tutor110\
C:\Program Files\Streaming\maxbox4\Import\tutor110\unittests.txt failed
>>>> Fail maXbox4.exe                                       2023-04-03 11:33:50 
 
>>>> Start Script: C:\Program Files\Streaming\maxbox4\Import\tutor110\unittests.txt  2023-04-03 11:34:13 
           From Host: maXbox4.exe of C:\Program Files\Streaming\maxbox4\Import\tutor110\
C:\Program Files\Streaming\maxbox4\Import\tutor110\unittests.txt failed
>>>> Fail maXbox4.exe                                       2023-04-03 11:34:14 
 
>>>> Start Script: C:\Program Files\Streaming\maxbox4\Import\tutor110\unittests.txt  2023-04-03 11:34:31 
           From Host: maXbox4.exe of C:\Program Files\Streaming\maxbox4\Import\tutor110\
>>>> Stop Script: unittests.txt                             2023-04-03 11:34:32 
[RAM  monitor] : (2147483647, 2147483647, 47%) CompileRun Success! RT: 11:34:31.49
 
>>>> Start Script: C:\Program Files\Streaming\maxbox4\Import\tutor110\bbcnews.txt  2023-04-03 11:42:03 
           From Host: maXbox4.exe of C:\Program Files\Streaming\maxbox4\Import\tutor110\
C:\Program Files\Streaming\maxbox4\Import\tutor110\bbcnews.txt failed
>>>> Fail maXbox4.exe                                       2023-04-03 11:42:04 
 
>>>> Start Script: C:\Program Files\Streaming\maxbox4\Import\tutor110\bbcnews.txt  2023-04-03 11:42:09 
           From Host: maXbox4.exe of C:\Program Files\Streaming\maxbox4\Import\tutor110\
>>>> Stop Script: bbcnews.txt                               2023-04-03 11:42:11 
[RAM  monitor] : (2147483647, 2147483647, 48%) CompileRun Success! RT: 0:0:1.611
 
>>>> Start Script: C:\Program Files\Streaming\maxbox4\Import\tutor110\bbcnews.txt  2023-04-03 11:43:28 
           From Host: maXbox4.exe of C:\Program Files\Streaming\maxbox4\Import\tutor110\
>>>> Stop Script: bbcnews.txt                               2023-04-03 11:43:29 
[RAM  monitor] : (2147483647, 2147483647, 47%) CompileRun Success! RT: 0:0:1.288
 
>>>> Start Script: C:\Program Files\Streaming\maxbox4\Import\tutor110\covid2.txt  2023-04-03 11:47:07 
           From Host: maXbox4.exe of C:\Program Files\Streaming\maxbox4\Import\tutor110\
>>>> Stop Script: covid2.txt                                2023-04-03 11:47:56 
[RAM  monitor] : (2147483647, 2147483647, 48%) CompileRun Success! RT: 0:0:49.505
 
>>>> Start Script: C:\Program Files\Streaming\maxbox4\Import\tutor110\newssentiment2.txt  2023-04-03 11:50:41 
           From Host: maXbox4.exe of C:\Program Files\Streaming\maxbox4\Import\tutor110\
>>>> Stop Script: newssentiment2.txt                        2023-04-03 11:50:44 
[RAM  monitor] : (2147483647, 2147483647, 47%) CompileRun Success! RT: 0:0:2.858
 
>>>> Start Script: C:\Program Files\Streaming\maxbox4\Import\tutor110\1026_json_automation_refactor2.txt  2023-04-03 12:05:09 
           From Host: maXbox4.exe of C:\Program Files\Streaming\maxbox4\Import\tutor110\
>>>> Stop Script: 1026_json_automation_refactor2.txt        2023-04-03 12:07:08 
[RAM  monitor] : (2147483647, 2147483647, 48%) CompileRun Success! RT: 0:1:58.357
 
>>>> Start Script: C:\Program Files\Streaming\maxbox4\Import\tutor110\972_json_tester32.txt  2023-04-03 12:10:24 
           From Host: maXbox4.exe of C:\Program Files\Streaming\maxbox4\Import\tutor110\
>>>> Stop Script: 972_json_tester32.txt                     2023-04-03 12:10:25 
[RAM  monitor] : (2147483647, 2147483647, 49%) CompileRun Success! RT: 0:0:1.132
 
>>>> Start Script: C:\Program Files\Streaming\maxbox4\Import\tutor110\972_json_tester32.txt  2023-04-03 12:10:49 
           From Host: maXbox4.exe of C:\Program Files\Streaming\maxbox4\Import\tutor110\
>>>> Stop Script: 972_json_tester32.txt                     2023-04-03 12:10:50 
[RAM  monitor] : (2147483647, 2147483647, 49%) CompileRun Success! RT: 0:0:1.46
 
>>>> Start Script: C:\Program Files\Streaming\maxbox4\Import\tutor110\1016_newsfeed_sentiment_integrate2.txt  2023-04-03 12:14:05 
           From Host: maXbox4.exe of C:\Program Files\Streaming\maxbox4\Import\tutor110\
>>>> Stop Script: 1016_newsfeed_sentiment_integrate2.txt    2023-04-03 12:14:21 
[RAM  monitor] : (2147483647, 2147483647, 49%) CompileRun Success! RT: 0:0:16.777
 
>>>> Start Script: C:\Program Files\Streaming\maxbox4\Import\tutor110\1016_newsfeed_sentiment_integrate2.txt  2023-04-03 12:15:49 
           From Host: maXbox4.exe of C:\Program Files\Streaming\maxbox4\Import\tutor110\
>>>> Stop Script: 1016_newsfeed_sentiment_integrate2.txt    2023-04-03 12:15:56 
[RAM  monitor] : (2147483647, 2147483647, 49%) CompileRun Success! RT: 0:0:6.757
 
>>>> Start Script: C:\Program Files\Streaming\maxbox4\Import\tutor110\pydemo.txt  2023-04-03 12:17:43 
           From Host: maXbox4.exe of C:\Program Files\Streaming\maxbox4\Import\tutor110\
>>>> Stop Script: pydemo.txt                                2023-04-03 12:17:44 
[RAM  monitor] : (2147483647, 2147483647, 49%) CompileRun Success! RT: 0:0:1.10
 
>>>> Start Script: C:\Program Files\Streaming\maxbox4\Import\tutor110\pydemo.txt  2023-04-03 12:18:20 
           From Host: maXbox4.exe of C:\Program Files\Streaming\maxbox4\Import\tutor110\
>>>> Stop Script: pydemo.txt                                2023-04-03 12:18:21 
[RAM  monitor] : (2147483647, 2147483647, 48%) CompileRun Success! RT: 0:0:1.7
 
>>>> Start Script: C:\Program Files\Streaming\maxbox4\Import\tutor110\1070_tshirt_prime2_tutor88.txt  2023-04-03 12:46:45 
           From Host: maXbox4.exe of C:\Program Files\Streaming\maxbox4\Import\tutor110\
>>>> Stop Script: 1070_tshirt_prime2_tutor88.txt            2023-04-03 12:46:53 
[RAM  monitor] : (2147483647, 2147483647, 48%) CompileRun Success! RT: 0:0:8.79
 
>>>> Start Script: C:\Program Files\Streaming\maxbox4\Import\tutor110\pydemo13_cheatsheet_Tutorial_90.txt  2023-04-03 12:52:28 
           From Host: maXbox4.exe of C:\Program Files\Streaming\maxbox4\Import\tutor110\
>>>> Stop Script: pydemo13_cheatsheet_Tutorial_90.txt       2023-04-03 12:52:29 
[RAM  monitor] : (2147483647, 2147483647, 49%) CompileRun Success! RT: 12:52:28.421
 
>>>> Start Script: C:\Program Files\Streaming\maxbox4\Import\tutor110\pydemo13_cheatsheet_Tutorial_90.txt  2023-04-03 12:54:34 
           From Host: maXbox4.exe of C:\Program Files\Streaming\maxbox4\Import\tutor110\
>>>> Stop Script: pydemo13_cheatsheet_Tutorial_90.txt       2023-04-03 12:54:36 
[RAM  monitor] : (2147483647, 2147483647, 49%) CompileRun Success! RT: 0:0:1.359
 
>>>> Start Script: C:\Program Files\Streaming\maxbox4\Import\tutor110\pydemo13_cheatsheet_Tutorial_90.txt  2023-04-03 12:55:17 
           From Host: maXbox4.exe of C:\Program Files\Streaming\maxbox4\Import\tutor110\
>>>> Stop Script: pydemo13_cheatsheet_Tutorial_90.txt       2023-04-03 12:55:19 
[RAM  monitor] : (2147483647, 2147483647, 49%) CompileRun Success! RT: 0:0:1.315
 
>>>> Start Script: C:\Program Files\Streaming\maxbox4\Import\tutor110\pydemo32.txt  2023-04-03 12:58:16 
           From Host: maXbox4.exe of C:\Program Files\Streaming\maxbox4\Import\tutor110\
>>>> Stop Script: pydemo32.txt                              2023-04-03 12:58:18 
[RAM  monitor] : (2147483647, 2147483647, 49%) CompileRun Success! RT: 12:58:16.819
 
>>>> Start Script: C:\Program Files\Streaming\maxbox4\Import\tutor110\pydemo32.txt  2023-04-03 12:59:47 
           From Host: maXbox4.exe of C:\Program Files\Streaming\maxbox4\Import\tutor110\
>>>> Stop Script: pydemo32.txt                              2023-04-03 12:59:49 
[RAM  monitor] : (2147483647, 2147483647, 49%) CompileRun Success! RT: 0:0:1.338
 
>>>> Start Script: C:\Program Files\Streaming\maxbox4\Import\tutor110\1093_XMLUtils_Tutor92tester.txt  2023-04-03 13:04:33 
           From Host: maXbox4.exe of C:\Program Files\Streaming\maxbox4\Import\tutor110\
>>>> Stop Script: 1093_XMLUtils_Tutor92tester.txt           2023-04-03 13:04:34 
[RAM  monitor] : (2147483647, 2147483647, 49%) CompileRun Success! RT: 0:0:1.190
 
>>>> Start Script: C:\Program Files\Streaming\maxbox4\Import\tutor110\1093_XMLUtils_Tutor92tester.txt  2023-04-03 13:04:50 
           From Host: maXbox4.exe of C:\Program Files\Streaming\maxbox4\Import\tutor110\
>>>> Stop Script: 1093_XMLUtils_Tutor92tester.txt           2023-04-03 13:04:51 
[RAM  monitor] : (2147483647, 2147483647, 49%) CompileRun Success! RT: 0:0:1.8
 
>>>> Start Script: C:\Program Files\Streaming\maxbox4\Import\tutor110\weatherbox.txt  2023-04-03 13:14:31 
           From Host: maXbox4.exe of C:\Program Files\Streaming\maxbox4\Import\tutor110\
>>>> Stop Script: weatherbox.txt                            2023-04-03 13:14:36 
[RAM  monitor] : (2147483647, 2147483647, 47%) CompileRun Success! RT: 0:0:4.737
 
>>>> Start Script: C:\Program Files\Streaming\maxbox4\Import\tutor110\1108_CAI_GeocodingTWininetAPI_Maponly.pas  2023-04-03 13:17:59 
           From Host: maXbox4.exe of C:\Program Files\Streaming\maxbox4\Import\tutor110\
>>>> Stop Script: 1108_CAI_GeocodingTWininetAPI_Maponly.pas  2023-04-03 13:18:02 
[RAM  monitor] : (2147483647, 2147483647, 48%) CompileRun Success! RT: 0:0:3.252
 
>>>> Start Script: C:\Program Files\Streaming\maxbox4\Import\tutor110\1108_CAI_GeocodingTWininetAPI_Maponly.pas  2023-04-03 13:19:37 
           From Host: maXbox4.exe of C:\Program Files\Streaming\maxbox4\Import\tutor110\
>>>> Stop Script: 1108_CAI_GeocodingTWininetAPI_Maponly.pas  2023-04-03 13:19:39 
[RAM  monitor] : (2147483647, 2147483647, 48%) CompileRun Success! RT: 0:0:2.189
 
>>>> Start Script: C:\Program Files\Streaming\maxbox4\Import\tutor110\1108_CAI_GeocodingTWininetAPI_Maponly.pas  2023-04-03 13:20:20 
           From Host: maXbox4.exe of C:\Program Files\Streaming\maxbox4\Import\tutor110\
>>>> Stop Script: 1108_CAI_GeocodingTWininetAPI_Maponly.pas  2023-04-03 13:20:21 
[RAM  monitor] : (2147483647, 2147483647, 47%) CompileRun Success! RT: 0:0:1.490
 
>>>> Start Script: C:\Program Files\Streaming\maxbox4\Import\tutor110\sentiment4.txt  2023-04-03 13:24:29 
           From Host: maXbox4.exe of C:\Program Files\Streaming\maxbox4\Import\tutor110\
>>>> Stop Script: sentiment4.txt                            2023-04-03 13:24:45 
[RAM  monitor] : (2147483647, 2147483647, 48%) CompileRun Success! RT: 0:0:15.869
 
>>>> Start Script: C:\Program Files\Streaming\maxbox4\Import\tutor110\sentiment4.txt  2023-04-03 13:37:41 
           From Host: maXbox4.exe of C:\Program Files\Streaming\maxbox4\Import\tutor110\
>>>> Stop Script: sentiment4.txt                            2023-04-03 13:37:54 
[RAM  monitor] : (2147483647, 2147483647, 48%) CompileRun Success! RT: 0:0:13.620
 
>>>> Start Script: C:\Program Files\Streaming\maxbox4\Import\tutor110\translator.txt  2023-04-03 14:41:29 
           From Host: maXbox4.exe of C:\Program Files\Streaming\maxbox4\Import\tutor110\
>>>> Stop Script: translator.txt                            2023-04-03 14:41:32 
[RAM  monitor] : (2147483647, 2147483647, 48%) CompileRun Success! RT: 14:41:29.565
 
>>>> Start Script: C:\Program Files\Streaming\maxbox4\Import\tutor110\1135_Cifar10SeparableConvolution_50.pas  2023-04-03 14:45:28 
           From Host: maXbox4.exe of C:\Program Files\Streaming\maxbox4\Import\tutor110\
>>>> Stop Script: 1135_Cifar10SeparableConvolution_50.pas   2023-04-03 14:45:29 
[RAM  monitor] : (2147483647, 2147483647, 49%) CompileRun Success! RT: 14:45:28.180
 
>>>> Start Script: C:\Program Files\Streaming\maxbox4\Import\tutor110\1142_list_collections_pydemo42.txt  2023-04-03 14:55:20 
           From Host: maXbox4.exe of C:\Program Files\Streaming\maxbox4\Import\tutor110\
>>>> Stop Script: 1142_list_collections_pydemo42.txt        2023-04-03 14:55:21 
[RAM  monitor] : (2147483647, 2147483647, 48%) CompileRun Success! RT: 0:0:1.675
 
>>>> Start Script: C:\Program Files\Streaming\maxbox4\Import\tutor110\1142_list_collections_pydemo42.txt  2023-04-03 14:55:26 
           From Host: maXbox4.exe of C:\Program Files\Streaming\maxbox4\Import\tutor110\
>>>> Stop Script: 1142_list_collections_pydemo42.txt        2023-04-03 14:55:28 
[RAM  monitor] : (2147483647, 2147483647, 48%) CompileRun Success! RT: 0:0:1.555
 
>>>> Start Script: C:\Program Files\Streaming\maxbox4\Import\tutor110\1154_energy_api_agsi_plot14.txt  2023-04-03 14:59:42 
           From Host: maXbox4.exe of C:\Program Files\Streaming\maxbox4\Import\tutor110\
>>>> Stop Script: 1154_energy_api_agsi_plot14.txt           2023-04-03 14:59:47 
[RAM  monitor] : (2147483647, 2147483647, 49%) CompileRun Success! RT: 0:0:4.788
 
>>>> Start Script: C:\Program Files\Streaming\maxbox4\Import\tutor110\1176_APILayer_Demo1.txt  2023-04-03 15:08:11 
           From Host: maXbox4.exe of C:\Program Files\Streaming\maxbox4\Import\tutor110\
>>>> Stop Script: 1176_APILayer_Demo1.txt                   2023-04-03 15:08:12 
[RAM  monitor] : (2147483647, 2147483647, 49%) CompileRun Success! RT: 0:0:1.61
 
>>>> Start Script: C:\Program Files\Streaming\maxbox4\Import\tutor110\1176_APILayer_Demo1.txt  2023-04-03 15:09:15 
           From Host: maXbox4.exe of C:\Program Files\Streaming\maxbox4\Import\tutor110\
>>>> Stop Script: 1176_APILayer_Demo1.txt                   2023-04-03 15:09:17 
[RAM  monitor] : (2147483647, 2147483647, 49%) CompileRun Success! RT: 0:0:2.522
 
>>>> Start Script: C:\Program Files\Streaming\maxbox4\Import\tutor110\1176_APILayer_Demo1.txt  2023-04-03 15:09:46 
           From Host: maXbox4.exe of C:\Program Files\Streaming\maxbox4\Import\tutor110\
>>>> Stop Script: 1176_APILayer_Demo1.txt                   2023-04-03 15:09:47 
[RAM  monitor] : (2147483647, 2147483647, 49%) CompileRun Success! RT: 0:0:0.974
 
>>>> Start Script: C:\Program Files\Streaming\maxbox4\Import\tutor110\1180_restcountries_API_21.txt  2023-04-03 15:13:46 
           From Host: maXbox4.exe of C:\Program Files\Streaming\maxbox4\Import\tutor110\
>>>> Stop Script: 1180_restcountries_API_21.txt             2023-04-03 15:13:49 
[RAM  monitor] : (2147483647, 2147483647, 49%) CompileRun Success! RT: 0:0:3.340
 
>>>> Start Script: C:\Program Files\Streaming\maxbox4\Import\tutor110\1189_Distance_and_Bearing_Bordcomputer2.pas  2023-04-03 15:21:11 
           From Host: maXbox4.exe of C:\Program Files\Streaming\maxbox4\Import\tutor110\
>>>> Stop Script: 1189_Distance_and_Bearing_Bordcomputer2.pas  2023-04-03 15:21:45 
[RAM  monitor] : (2147483647, 2147483647, 49%) CompileRun Success! RT: 0:0:34.600
 
>>>> Start Script: C:\Program Files\Streaming\maxbox4\Import\tutor110\1189_Distance_and_Bearing_Bordcomputer2.pas  2023-04-03 15:21:59 
           From Host: maXbox4.exe of C:\Program Files\Streaming\maxbox4\Import\tutor110\
>>>> Stop Script: 1189_Distance_and_Bearing_Bordcomputer2.pas  2023-04-03 15:22:31 
[RAM  monitor] : (2147483647, 2147483647, 49%) CompileRun Success! RT: 0:0:32.391
 
>>>> Start Script: C:\Program Files\Streaming\maxbox4\Import\tutor110\gtranslate.txt  2023-04-03 15:26:44 
           From Host: maXbox4.exe of C:\Program Files\Streaming\maxbox4\Import\tutor110\
>>>> Stop Script: gtranslate.txt                            2023-04-03 15:26:46 
[RAM  monitor] : (2147483647, 2147483647, 48%) CompileRun Success! RT: 0:0:1.903
 
>>>> Start Script: C:\Program Files\Streaming\maxbox4\Import\tutor110\gtranslate.txt  2023-04-03 15:27:30 
           From Host: maXbox4.exe of C:\Program Files\Streaming\maxbox4\Import\tutor110\
>>>> Stop Script: gtranslate.txt                            2023-04-03 15:27:31 
[RAM  monitor] : (2147483647, 2147483647, 48%) CompileRun Success! RT: 0:0:1.71
 
>>>> Start Script: C:\Program Files\Streaming\maxbox4\Import\tutor110\gtranslate.txt  2023-04-03 15:51:38 
           From Host: maXbox4.exe of C:\Program Files\Streaming\maxbox4\Import\tutor110\
>>>> Stop Script: gtranslate.txt                            2023-04-03 15:51:39 
[RAM  monitor] : (2147483647, 2147483647, 47%) CompileRun Success! RT: 0:0:1.54
 
Session Exe Stop! C:\Program Files\Streaming\maxbox4\Import\tutor110\gtranslate.txt
>>>> Stop Exe: maXbox4.exe v4.7.6.20                        2023-04-03 15:51:45 
 
New Session Exe Start C:\Program Files\Streaming\maxbox4\Import\tutor110\gtranslate.txt
>>>> Start Exe: maXbox4.exe v4.7.6.20                       2023-04-03 15:55:26 
>>>> Start [RAM  monitor] : Total=2147483647, Avail=2147483647, Load=47% ; [Disk monitor] : Available to user=205753806848, Total on disk=510913409024, Free total on disk=205753806848 ; 2023-04-03 15:55:26 
 
Session Exe Stop! C:\Program Files\Streaming\maxbox4\Import\tutor110\gtranslate.txt
>>>> Stop Exe: maXbox4.exe v4.7.6.20                        2023-04-03 15:55:29 
 
New Session Exe Start .\gtranslate.txt
>>>> Start Exe: maXbox4.exe v4.7.6.20                       2023-04-03 15:56:02 
>>>> Start [RAM  monitor] : Total=2147483647, Avail=2147483647, Load=48% ; [Disk monitor] : Available to user=205747486720, Total on disk=510913409024, Free total on disk=205747486720 ; 2023-04-03 15:56:02 
 
>>>> Start Script: .\gtranslate.txt                         2023-04-03 15:56:07 
           From Host: maXbox4.exe of C:\Program Files\Streaming\maxbox4\Import\tutor110\
>>>> Stop Script: gtranslate.txt                            2023-04-03 15:56:08 
[RAM  monitor] : (2147483647, 2147483647, 48%) CompileRun Success! RT: 0:0:1.150
 
Session Exe Stop! .\gtranslate.txt
>>>> Stop Exe: maXbox4.exe v4.7.6.20                        2023-04-03 15:56:19 
 
New Session Exe Start .\gtranslate.txt
>>>> Start Exe: maXbox4.exe v4.7.6.20                       2023-04-03 15:58:27 
>>>> Start [RAM  monitor] : Total=2147483647, Avail=2147483647, Load=47% ; [Disk monitor] : Available to user=205747326976, Total on disk=510913409024, Free total on disk=205747326976 ; 2023-04-03 15:58:27 
 
>>>> Start Script: .\gtranslate.txt                         2023-04-03 15:58:29 
           From Host: maXbox4.exe of C:\Program Files\Streaming\maxbox4\Import\tutor110\
>>>> Stop Script: gtranslate.txt                            2023-04-03 15:58:30 
[RAM  monitor] : (2147483647, 2147483647, 48%) CompileRun Success! RT: 0:0:1.76
 
>>>> Start Script: .\sentiment4.txt                         2023-04-03 15:58:36 
           From Host: maXbox4.exe of C:\Program Files\Streaming\maxbox4\Import\tutor110\
>>>> Stop Script: sentiment4.txt                            2023-04-03 15:58:51 
[RAM  monitor] : (2147483647, 2147483647, 48%) CompileRun Success! RT: 0:0:14.853
 
Session Exe Stop! .\sentiment4.txt
>>>> Stop Exe: maXbox4.exe v4.7.6.20                        2023-04-03 15:59:50 
