#HLTag(crlf)********************************************************************************
>>>> Start maXbox4.exe  v 4.2.2.95 2016-05-18 19:16:28 
 From : C:\Program Files (x86)\maxbox3\Import\IPC\maxbox4\maxbox4\
 Prms : (No params)#HLTag(crlf)

<<<< Stop  maXbox4.exe                                    2016-05-18 19:16:28 
******************************************************************************#HLTag(crlf)
1: 555
2: 849
3: 829
4: 556
5: 914
6: 470
7: 47
8: 87
9: 167
Quick Sort After
Quick Sort After 2
1: 47
2: 87
3: 167
4: 470
5: 555
6: 556
7: 829
8: 849
9: 914
