>>>> Stop Script: 044_queens_performer3.txt                 2017-11-26 22:55:51 
[RAM  monitor] : (2147483647, 2147483647, 18%) CompileRun Success! RT: 0:0:6.797
 
>>>> Start Script: C:\maXbox\maxbox3\maxbox3\maXbox3\examples\044_queens_performer3.txt  2017-11-26 22:56:26 
           From Host: maXbox42nov4.exe of C:\maXbox\TestApp2\maxbox2\maxbox2\source_2007\maxbox29\mx4\mx4_v38\mx4\source\
>>>> Stop Script: 044_queens_performer3.txt                 2017-11-26 22:56:32 
[RAM  monitor] : (2147483647, 2147483647, 19%) CompileRun Success! RT: 0:0:5.703
 
>>>> Start Script: C:\maXbox\maxbox3\maxbox3\maXbox3\examples\044_queens_performer3.txt  2017-11-26 22:56:59 
           From Host: maXbox42nov4.exe of C:\maXbox\TestApp2\maxbox2\maxbox2\source_2007\maxbox29\mx4\mx4_v38\mx4\source\
>>>> Stop Script: 044_queens_performer3.txt                 2017-11-26 22:57:04 
[RAM  monitor] : (2147483647, 2147483647, 18%) CompileRun Success! RT: 0:0:5.704
 
>>>> Start Script: C:\maXbox\maxbox3\maxbox3\maXbox3\examples\044_queens_performer3.txt  2017-11-26 22:57:39 
           From Host: maXbox42nov4.exe of C:\maXbox\TestApp2\maxbox2\maxbox2\source_2007\maxbox29\mx4\mx4_v38\mx4\source\
>>>> Stop Script: 044_queens_performer3.txt                 2017-11-26 22:57:45 
[RAM  monitor] : (2147483647, 2147483647, 18%) CompileRun Success! RT: 0:0:5.672
 
>>>> Start Script: C:\maXbox\maxbox3\maxbox3\maXbox3\examples\781_ProxyUtils2performance.txt  2017-11-26 22:59:15 
           From Host: maXbox42nov4.exe of C:\maXbox\TestApp2\maxbox2\maxbox2\source_2007\maxbox29\mx4\mx4_v38\mx4\source\
>>>> Stop Script: 781_ProxyUtils2performance.txt            2017-11-26 22:59:42 
[RAM  monitor] : (2147483647, 2147483647, 18%) CompileRun Success! RT: 0:0:27.83
 
>>>> Start Script: C:\maXbox\maxbox3\maxbox3\maXbox3\examples\781_ProxyUtils2performance.txt  2017-11-26 23:00:40 
           From Host: maXbox42nov4.exe of C:\maXbox\TestApp2\maxbox2\maxbox2\source_2007\maxbox29\mx4\mx4_v38\mx4\source\
>>>> Stop Script: 781_ProxyUtils2performance.txt            2017-11-26 23:01:06 
[RAM  monitor] : (2147483647, 2147483647, 18%) CompileRun Success! RT: 0:0:25.589
 
>>>> Start Script: C:\maXbox\maxbox3\maxbox3\maXbox3\examples\710_EnumRegKeys_TEstRSA_42810.txt  2017-11-26 23:02:19 
           From Host: maXbox42nov4.exe of C:\maXbox\TestApp2\maxbox2\maxbox2\source_2007\maxbox29\mx4\mx4_v38\mx4\source\
>>>> Stop Script: 710_EnumRegKeys_TEstRSA_42810.txt         2017-11-26 23:02:23 
[RAM  monitor] : (2147483647, 2147483647, 18%) CompileRun Success! RT: 0:0:4.182
 
>>>> Start Script: C:\maXbox\maxbox3\maxbox3\maXbox3\examples\710_EnumRegKeys_TEstRSA_42810.txt  2017-11-26 23:02:43 
           From Host: maXbox42nov4.exe of C:\maXbox\TestApp2\maxbox2\maxbox2\source_2007\maxbox29\mx4\mx4_v38\mx4\source\
>>>> Stop Script: 710_EnumRegKeys_TEstRSA_42810.txt         2017-11-26 23:02:47 
[RAM  monitor] : (2147483647, 2147483647, 18%) CompileRun Success! RT: 0:0:4.78
 
>>>> Start Script: C:\maXbox\maxbox3\maxbox3\maXbox3\examples\710_EnumRegKeys_TEstRSA_42810.txt  2017-11-26 23:03:21 
           From Host: maXbox42nov4.exe of C:\maXbox\TestApp2\maxbox2\maxbox2\source_2007\maxbox29\mx4\mx4_v38\mx4\source\
>>>> Stop Script: 710_EnumRegKeys_TEstRSA_42810.txt         2017-11-26 23:03:25 
[RAM  monitor] : (2147483647, 2147483647, 18%) CompileRun Success! RT: 0:0:4.203
 
>>>> Start Script: C:\maXbox\maxbox3\maxbox3\maXbox3\examples\710_EnumRegKeys_TEstRSA_42810.txt  2017-11-26 23:03:30 
           From Host: maXbox42nov4.exe of C:\maXbox\TestApp2\maxbox2\maxbox2\source_2007\maxbox29\mx4\mx4_v38\mx4\source\
>>>> Stop Script: 710_EnumRegKeys_TEstRSA_42810.txt         2017-11-26 23:03:34 
[RAM  monitor] : (2147483647, 2147483647, 18%) CompileRun Success! RT: 0:0:4.219
 
>>>> Start Script: C:\maXbox\maxbox3\maxbox3\maXbox3\examples\710_EnumRegKeys_TEstRSA_42810.txt  2017-11-26 23:03:54 
           From Host: maXbox42nov4.exe of C:\maXbox\TestApp2\maxbox2\maxbox2\source_2007\maxbox29\mx4\mx4_v38\mx4\source\
>>>> Stop Script: 710_EnumRegKeys_TEstRSA_42810.txt         2017-11-26 23:03:59 
[RAM  monitor] : (2147483647, 2147483647, 18%) CompileRun Success! RT: 0:0:4.218
 
>>>> Start Script: C:\maXbox\maxbox3\maxbox3\maXbox3\examples\710_EnumRegKeys_TEstRSA_42810.txt  2017-11-26 23:04:23 
           From Host: maXbox42nov4.exe of C:\maXbox\TestApp2\maxbox2\maxbox2\source_2007\maxbox29\mx4\mx4_v38\mx4\source\
>>>> Stop Script: 710_EnumRegKeys_TEstRSA_42810.txt         2017-11-26 23:04:28 
[RAM  monitor] : (2147483647, 2147483647, 18%) CompileRun Success! RT: 0:0:4.203
 
>>>> Start Script: C:\maXbox\maxbox3\maxbox3\maXbox3\examples\710_EnumRegKeys_TEstRSA_42810.txt  2017-11-26 23:05:04 
           From Host: maXbox42nov4.exe of C:\maXbox\TestApp2\maxbox2\maxbox2\source_2007\maxbox29\mx4\mx4_v38\mx4\source\
>>>> Stop Script: 710_EnumRegKeys_TEstRSA_42810.txt         2017-11-26 23:05:08 
[RAM  monitor] : (2147483647, 2147483647, 18%) CompileRun Success! RT: 0:0:4.203
 
>>>> Start Script: C:\maXbox\maxbox3\maxbox3\maXbox3\examples\725_X509_SHA1_TestCert4txt.txt  2017-11-26 23:06:06 
           From Host: maXbox42nov4.exe of C:\maXbox\TestApp2\maxbox2\maxbox2\source_2007\maxbox29\mx4\mx4_v38\mx4\source\
>>>> Stop Script: 725_X509_SHA1_TestCert4txt.txt            2017-11-26 23:06:20 
[RAM  monitor] : (2147483647, 2147483647, 18%) CompileRun Success! RT: 0:0:14.653
 
>>>> Start Script: C:\maXbox\maxbox3\maxbox3\maXbox3\examples\725_X509_SHA1_TestCert4txt.txt  2017-11-26 23:06:37 
           From Host: maXbox42nov4.exe of C:\maXbox\TestApp2\maxbox2\maxbox2\source_2007\maxbox29\mx4\mx4_v38\mx4\source\
>>>> Stop Script: 725_X509_SHA1_TestCert4txt.txt            2017-11-26 23:06:52 
[RAM  monitor] : (2147483647, 2147483647, 18%) CompileRun Success! RT: 0:0:15.1
 
>>>> Start Script: C:\maXbox\maxbox3\maxbox3\maXbox3\examples\725_X509_SHA1_TestCert4txt.txt  2017-11-26 23:07:39 
           From Host: maXbox42nov4.exe of C:\maXbox\TestApp2\maxbox2\maxbox2\source_2007\maxbox29\mx4\mx4_v38\mx4\source\
>>>> Stop Script: 725_X509_SHA1_TestCert4txt.txt            2017-11-26 23:07:54 
[RAM  monitor] : (2147483647, 2147483647, 18%) CompileRun Success! RT: 0:0:14.815
 
>>>> Start Script: C:\maXbox\maxbox3\maxbox3\maXbox3\examples\725_X509_SHA1_TestCert4txt.txt  2017-11-26 23:08:36 
           From Host: maXbox42nov4.exe of C:\maXbox\TestApp2\maxbox2\maxbox2\source_2007\maxbox29\mx4\mx4_v38\mx4\source\
>>>> Stop Script: 725_X509_SHA1_TestCert4txt.txt            2017-11-26 23:08:50 
[RAM  monitor] : (2147483647, 2147483647, 18%) CompileRun Success! RT: 0:0:14.711
 
>>>> Start Script: C:\maXbox\maxbox3\maxbox3\maXbox3\examples\725_X509_SHA1_TestCert4txt.txt  2017-11-26 23:09:48 
           From Host: maXbox42nov4.exe of C:\maXbox\TestApp2\maxbox2\maxbox2\source_2007\maxbox29\mx4\mx4_v38\mx4\source\
>>>> Stop Script: 725_X509_SHA1_TestCert4txt.txt            2017-11-26 23:10:03 
[RAM  monitor] : (2147483647, 2147483647, 18%) CompileRun Success! RT: 0:0:14.677
 
>>>> Start Script: C:\maXbox\maxbox3\maxbox3\maXbox3\examples\mX425010\745_crypto_memory_RFC1123_newmX42610.txt  2017-11-26 23:11:26 
           From Host: maXbox42nov4.exe of C:\maXbox\TestApp2\maxbox2\maxbox2\source_2007\maxbox29\mx4\mx4_v38\mx4\source\
>>>> Stop Script: 745_crypto_memory_RFC1123_newmX42610.txt  2017-11-26 23:11:30 
[RAM  monitor] : (2147483647, 2147483647, 19%) CompileRun Success! RT: 0:0:3.640
 
>>>> Start Script: C:\maXbox\maxbox3\maxbox3\maXbox3\examples\mX425010\745_crypto_memory_RFC1123_newmX42610.txt  2017-11-26 23:12:11 
           From Host: maXbox42nov4.exe of C:\maXbox\TestApp2\maxbox2\maxbox2\source_2007\maxbox29\mx4\mx4_v38\mx4\source\
>>>> Stop Script: 745_crypto_memory_RFC1123_newmX42610.txt  2017-11-26 23:12:14 
[RAM  monitor] : (2147483647, 2147483647, 19%) CompileRun Success! RT: 0:0:3.389
 
>>>> Start Script: C:\maXbox\maxbox3\maxbox3\maXbox3\examples\mX425010\745_crypto_memory_RFC1123_newmX42610.txt  2017-11-26 23:12:18 
           From Host: maXbox42nov4.exe of C:\maXbox\TestApp2\maxbox2\maxbox2\source_2007\maxbox29\mx4\mx4_v38\mx4\source\
>>>> Stop Script: 745_crypto_memory_RFC1123_newmX42610.txt  2017-11-26 23:12:22 
[RAM  monitor] : (2147483647, 2147483647, 19%) CompileRun Success! RT: 0:0:3.391
 
>>>> Start Script: C:\maXbox\maxbox3\maxbox3\maXbox3\examples\mX425010\745_crypto_memory_RFC1123_newmX42610.txt  2017-11-26 23:12:24 
           From Host: maXbox42nov4.exe of C:\maXbox\TestApp2\maxbox2\maxbox2\source_2007\maxbox29\mx4\mx4_v38\mx4\source\
>>>> Stop Script: 745_crypto_memory_RFC1123_newmX42610.txt  2017-11-26 23:12:28 
[RAM  monitor] : (2147483647, 2147483647, 19%) CompileRun Success! RT: 0:0:3.422
 
>>>> Start Script: C:\maXbox\maxbox3\maxbox3\maXbox3\examples\mX425010\745_crypto_memory_RFC1123_newmX42610.txt  2017-11-26 23:12:43 
           From Host: maXbox42nov4.exe of C:\maXbox\TestApp2\maxbox2\maxbox2\source_2007\maxbox29\mx4\mx4_v38\mx4\source\
>>>> Stop Script: 745_crypto_memory_RFC1123_newmX42610.txt  2017-11-26 23:12:46 
[RAM  monitor] : (2147483647, 2147483647, 19%) CompileRun Success! RT: 0:0:3.375
 
>>>> Start Script: C:\maXbox\maxbox3\maxbox3\maXbox3\examples\mX425010\745_crypto_memory_RFC1123_newmX42610.txt  2017-11-26 23:13:00 
           From Host: maXbox42nov4.exe of C:\maXbox\TestApp2\maxbox2\maxbox2\source_2007\maxbox29\mx4\mx4_v38\mx4\source\
>>>> Stop Script: 745_crypto_memory_RFC1123_newmX42610.txt  2017-11-26 23:13:04 
[RAM  monitor] : (2147483647, 2147483647, 19%) CompileRun Success! RT: 0:0:3.391
 
>>>> Start Script: C:\maXbox\maxbox3\maxbox3\maXbox3\examples\377_smartXMLWorkshop3_42test.txt  2017-11-26 23:13:40 
           From Host: maXbox42nov4.exe of C:\maXbox\TestApp2\maxbox2\maxbox2\source_2007\maxbox29\mx4\mx4_v38\mx4\source\
>>>> Stop Script: 377_smartXMLWorkshop3_42test.txt          2017-11-26 23:13:42 
[RAM  monitor] : (2147483647, 2147483647, 18%) CompileRun Success! RT: 0:0:1.359
 
>>>> Start Script: C:\maXbox\maxbox3\maxbox3\maXbox3\examples\377_smartXMLWorkshop3_42test.txt  2017-11-26 23:13:52 
           From Host: maXbox42nov4.exe of C:\maXbox\TestApp2\maxbox2\maxbox2\source_2007\maxbox29\mx4\mx4_v38\mx4\source\
>>>> Stop Script: 377_smartXMLWorkshop3_42test.txt          2017-11-26 23:13:54 
[RAM  monitor] : (2147483647, 2147483647, 19%) CompileRun Success! RT: 0:0:1.375
 
>>>> Start Script: C:\maXbox\maxbox3\maxbox3\maXbox3\examples\036_pas_includetest_basta.txt  2017-11-26 23:14:11 
           From Host: maXbox42nov4.exe of C:\maXbox\TestApp2\maxbox2\maxbox2\source_2007\maxbox29\mx4\mx4_v38\mx4\source\
>>>> Stop Script: 036_pas_includetest_basta.txt             2017-11-26 23:14:23 
[RAM  monitor] : (2147483647, 2147483647, 18%) CompileRun Success! RT: 0:0:12.47
 
>>>> Start Script: C:\maXbox\maxbox3\maxbox3\maXbox3\examples\780_mandelbrotset_max2_2017.txt  2017-11-26 23:16:37 
           From Host: maXbox42nov4.exe of C:\maXbox\TestApp2\maxbox2\maxbox2\source_2007\maxbox29\mx4\mx4_v38\mx4\source\
>>>> Stop Script: 780_mandelbrotset_max2_2017.txt           2017-11-26 23:17:16 
[RAM  monitor] : (2147483647, 2147483647, 18%) CompileRun Success! RT: 0:0:38.686
 
Session Exe Stop! C:\maXbox\maxbox3\maxbox3\maXbox3\examples\780_mandelbrotset_max2_2017.txt
>>>> Stop Exe: maXbox42nov4.exe v4.2.8.10                   2017-11-26 23:18:37 
